DEFAULT|ROUTING|1646920430277|/home:404
WARNING|FILES|1646920430278|Try to delete a non-existing file 'Cache/database/schema/front_model_comment.json'
WARNING|FILES|1646920430278|Try to delete a non-existing file 'Cache/database/sql/front_model_comment.sql'
WARNING|FILES|1646920430278|Try to delete a non-existing file 'Cache/database/schema/front_model_keyword.json'
WARNING|FILES|1646920430278|Try to delete a non-existing file 'Cache/database/sql/front_model_keyword.sql'
WARNING|FILES|1646920430279|Try to delete a non-existing file 'Cache/database/schema/front_model_page.json'
WARNING|FILES|1646920430279|Try to delete a non-existing file 'Cache/database/sql/front_model_page.sql'
WARNING|FILES|1646920430279|Try to delete a non-existing file 'Cache/database/schema/front_model_pagekeywordmm.json'
WARNING|FILES|1646920430279|Try to delete a non-existing file 'Cache/database/sql/front_model_pagekeywordmm.sql'
WARNING|FILES|1646920430279|Try to delete a non-existing file 'Cache/database/schema/front_model_user.json'
WARNING|FILES|1646920430279|Try to delete a non-existing file 'Cache/database/sql/front_model_user.sql'
DEFAULT|ROUTING|1646920430284|Current '/home' -> Front\Controller\DefaultController->notFound [localhost:8082](1)
DEBUG|TEMPLATE|1646920430285|Save 'Public/temp/assets/b88830eb018174a10b2d596ac7ec6fb6.css' cache file from /var/www/Site/Front/Resource/assets/css/responsive.css
WARNING|FILES|1646920430285|Try to delete a non-existing file '/var/www/Public/temp/assets/b88830eb018174a10b2d596ac7ec6fb6.css'
DEBUG|TEMPLATE|1646920430285|Save 'Public/temp/assets/bc69a26fe21fa7e55fc1d96f01a72e84.css' cache file from /var/www/Site/Front/Resource/assets/css/style.css
WARNING|FILES|1646920430285|Try to delete a non-existing file '/var/www/Public/temp/assets/bc69a26fe21fa7e55fc1d96f01a72e84.css'
DEBUG|TEMPLATE|1646920430285|Save 'Public/temp/assets/a763e7ed301db6744c3bf342eba5c3c5.js' cache file from /var/www/Site/Front/Resource/assets/js/libs/jquery/jquery.js
WARNING|FILES|1646920430285|Try to delete a non-existing file '/var/www/Public/temp/assets/a763e7ed301db6744c3bf342eba5c3c5.js'
DEBUG|TEMPLATE|1646920430286|Save 'Public/temp/assets/3df13f17c73c2982972ebfb34aac3e9e.js' cache file from /var/www/Site/Front/Resource/assets/js/libs/fixheader/header.js
WARNING|TEMPLATE|1646920430286|The assets /var/www/Site/Front/Resource/assets/js/libs/fixheader/header.js not exist
ERROR|FILES|1646920430286|Cannot read from '/var/www/Site/Front/Resource/assets/js/libs/fixheader/header.js' file
WARNING|FILES|1646920430286|Try to delete a non-existing file '/var/www/Public/temp/assets/3df13f17c73c2982972ebfb34aac3e9e.js'
DEBUG|TEMPLATE|1646920430286|Save 'Public/temp/assets/778e457e80c4b453175286c6621072d9.js' cache file from /var/www/Site/Front/Resource/assets/js/libs/fixtools/fixtools.js
WARNING|FILES|1646920430286|Try to delete a non-existing file '/var/www/Public/temp/assets/778e457e80c4b453175286c6621072d9.js'
DEBUG|TEMPLATE|1646920430286|Save 'Public/temp/assets/0d329e8810a88f3735bc1700ff21190a.js' cache file from /var/www/Site/Front/Resource/assets/js/libs/fixheader/fixheader.js
WARNING|FILES|1646920430286|Try to delete a non-existing file '/var/www/Public/temp/assets/0d329e8810a88f3735bc1700ff21190a.js'
DEBUG|TEMPLATE|1646920430286|Save 'Public/temp/assets/db213287edc2ad4ea6fc4f4eb6f69508.js' cache file from /var/www/Site/Front/Resource/assets/js/libs/header/header.js
WARNING|FILES|1646920430286|Try to delete a non-existing file '/var/www/Public/temp/assets/db213287edc2ad4ea6fc4f4eb6f69508.js'
DEBUG|TEMPLATE|1646920430286|Save 'Public/temp/assets/a7c2c331aa19a1259b4d2ed192225acb.js' cache file from /var/www/Site/Front/Resource/assets/js/libs/splash/splash.js
WARNING|FILES|1646920430286|Try to delete a non-existing file '/var/www/Public/temp/assets/a7c2c331aa19a1259b4d2ed192225acb.js'
DEBUG|TEMPLATE|1646920430286|Save 'Public/temp/assets/566ade06d7f6400ef8906fe0417b24e5.js' cache file from /var/www/Site/Front/Resource/assets/js/main.js
WARNING|FILES|1646920430286|Try to delete a non-existing file '/var/www/Public/temp/assets/566ade06d7f6400ef8906fe0417b24e5.js'
ERROR|TEMPLATE|1646920430286|Try to render a non-existing or unvalid vars 'page.title'
ERROR|TEMPLATE|1646920430286|Try to render a non-existing or unvalid vars 'page.image'
ERROR|TEMPLATE|1646920430286|Try to render a non-existing or unvalid vars 'page.image'
ERROR|TEMPLATE|1646920430286|Try to render a non-existing or unvalid vars 'page.description'
ERROR|TEMPLATE|1646920430286|Try to render a non-existing or unvalid vars 'page.image'
ERROR|TEMPLATE|1646920430286|Try to render a non-existing or unvalid vars 'page.image'
ERROR|TEMPLATE|1646920430286|Try to render a non-existing or unvalid vars 'page.auth.fullname'
ERROR|TEMPLATE|1646920430286|Try to render a non-existing or unvalid vars 'page.auth.email'
DEFAULT|ROUTING|1646920436300|Current '/' -> Front\Controller\DefaultController->index [localhost:8082](0)
DEFAULT|ROUTING|1646920436300|/:200
DEBUG|TEMPLATE|1646920436303|Save 'Public/temp/assets/b88830eb018174a10b2d596ac7ec6fb6.css' cache file from /var/www/Site/Front/Resource/assets/css/responsive.css
DEBUG|TEMPLATE|1646920436303|Save 'Public/temp/assets/bc69a26fe21fa7e55fc1d96f01a72e84.css' cache file from /var/www/Site/Front/Resource/assets/css/style.css
DEBUG|TEMPLATE|1646920436303|Save 'Public/temp/assets/a763e7ed301db6744c3bf342eba5c3c5.js' cache file from /var/www/Site/Front/Resource/assets/js/libs/jquery/jquery.js
DEBUG|TEMPLATE|1646920436303|Save 'Public/temp/assets/3df13f17c73c2982972ebfb34aac3e9e.js' cache file from /var/www/Site/Front/Resource/assets/js/libs/fixheader/header.js
WARNING|TEMPLATE|1646920436303|The assets /var/www/Site/Front/Resource/assets/js/libs/fixheader/header.js not exist
ERROR|FILES|1646920436303|Cannot read from '/var/www/Site/Front/Resource/assets/js/libs/fixheader/header.js' file
DEBUG|TEMPLATE|1646920436303|Save 'Public/temp/assets/778e457e80c4b453175286c6621072d9.js' cache file from /var/www/Site/Front/Resource/assets/js/libs/fixtools/fixtools.js
DEBUG|TEMPLATE|1646920436303|Save 'Public/temp/assets/0d329e8810a88f3735bc1700ff21190a.js' cache file from /var/www/Site/Front/Resource/assets/js/libs/fixheader/fixheader.js
DEBUG|TEMPLATE|1646920436303|Save 'Public/temp/assets/db213287edc2ad4ea6fc4f4eb6f69508.js' cache file from /var/www/Site/Front/Resource/assets/js/libs/header/header.js
DEBUG|TEMPLATE|1646920436303|Save 'Public/temp/assets/a7c2c331aa19a1259b4d2ed192225acb.js' cache file from /var/www/Site/Front/Resource/assets/js/libs/splash/splash.js
DEBUG|TEMPLATE|1646920436304|Save 'Public/temp/assets/566ade06d7f6400ef8906fe0417b24e5.js' cache file from /var/www/Site/Front/Resource/assets/js/main.js
ERROR|TEMPLATE|1646920436304|Try to render a non-existing or unvalid vars 'page.title'
ERROR|TEMPLATE|1646920436304|Try to render a non-existing or unvalid vars 'page.image'
ERROR|TEMPLATE|1646920436304|Try to render a non-existing or unvalid vars 'page.image'
ERROR|TEMPLATE|1646920436304|Try to render a non-existing or unvalid vars 'page.description'
ERROR|TEMPLATE|1646920436304|Try to render a non-existing or unvalid vars 'page.image'
ERROR|TEMPLATE|1646920436304|Try to render a non-existing or unvalid vars 'page.image'
ERROR|TEMPLATE|1646920436304|Try to render a non-existing or unvalid vars 'page.auth.fullname'
ERROR|TEMPLATE|1646920436304|Try to render a non-existing or unvalid vars 'page.auth.email'
ERROR|TEMPLATE|1646920436304|Try to render a non-existing or unvalid vars 'page.content'
DEFAULT|ROUTING|1646920436535|Current '/' -> Front\Controller\DefaultController->index [localhost:8082](0)
DEFAULT|ROUTING|1646920436535|/:200
DEBUG|TEMPLATE|1646920436537|Save 'Public/temp/assets/b88830eb018174a10b2d596ac7ec6fb6.css' cache file from /var/www/Site/Front/Resource/assets/css/responsive.css
DEBUG|TEMPLATE|1646920436537|Save 'Public/temp/assets/bc69a26fe21fa7e55fc1d96f01a72e84.css' cache file from /var/www/Site/Front/Resource/assets/css/style.css
DEBUG|TEMPLATE|1646920436537|Save 'Public/temp/assets/a763e7ed301db6744c3bf342eba5c3c5.js' cache file from /var/www/Site/Front/Resource/assets/js/libs/jquery/jquery.js
DEBUG|TEMPLATE|1646920436538|Save 'Public/temp/assets/3df13f17c73c2982972ebfb34aac3e9e.js' cache file from /var/www/Site/Front/Resource/assets/js/libs/fixheader/header.js
WARNING|TEMPLATE|1646920436538|The assets /var/www/Site/Front/Resource/assets/js/libs/fixheader/header.js not exist
ERROR|FILES|1646920436538|Cannot read from '/var/www/Site/Front/Resource/assets/js/libs/fixheader/header.js' file
DEBUG|TEMPLATE|1646920436538|Save 'Public/temp/assets/778e457e80c4b453175286c6621072d9.js' cache file from /var/www/Site/Front/Resource/assets/js/libs/fixtools/fixtools.js
DEBUG|TEMPLATE|1646920436538|Save 'Public/temp/assets/0d329e8810a88f3735bc1700ff21190a.js' cache file from /var/www/Site/Front/Resource/assets/js/libs/fixheader/fixheader.js
DEBUG|TEMPLATE|1646920436538|Save 'Public/temp/assets/db213287edc2ad4ea6fc4f4eb6f69508.js' cache file from /var/www/Site/Front/Resource/assets/js/libs/header/header.js
DEBUG|TEMPLATE|1646920436538|Save 'Public/temp/assets/a7c2c331aa19a1259b4d2ed192225acb.js' cache file from /var/www/Site/Front/Resource/assets/js/libs/splash/splash.js
DEBUG|TEMPLATE|1646920436538|Save 'Public/temp/assets/566ade06d7f6400ef8906fe0417b24e5.js' cache file from /var/www/Site/Front/Resource/assets/js/main.js
ERROR|TEMPLATE|1646920436538|Try to render a non-existing or unvalid vars 'page.title'
ERROR|TEMPLATE|1646920436538|Try to render a non-existing or unvalid vars 'page.image'
ERROR|TEMPLATE|1646920436538|Try to render a non-existing or unvalid vars 'page.image'
ERROR|TEMPLATE|1646920436538|Try to render a non-existing or unvalid vars 'page.description'
ERROR|TEMPLATE|1646920436538|Try to render a non-existing or unvalid vars 'page.image'
ERROR|TEMPLATE|1646920436538|Try to render a non-existing or unvalid vars 'page.image'
ERROR|TEMPLATE|1646920436538|Try to render a non-existing or unvalid vars 'page.auth.fullname'
ERROR|TEMPLATE|1646920436538|Try to render a non-existing or unvalid vars 'page.auth.email'
ERROR|TEMPLATE|1646920436538|Try to render a non-existing or unvalid vars 'page.content'
DEFAULT|ROUTING|1646920490381|/admin:404
DEFAULT|ROUTING|1646920490384|Current '/admin' -> Front\Controller\DefaultController->notFound [localhost:8082](1)
DEBUG|TEMPLATE|1646920490385|Save 'Public/temp/assets/b88830eb018174a10b2d596ac7ec6fb6.css' cache file from /var/www/Site/Front/Resource/assets/css/responsive.css
DEBUG|TEMPLATE|1646920490385|Save 'Public/temp/assets/bc69a26fe21fa7e55fc1d96f01a72e84.css' cache file from /var/www/Site/Front/Resource/assets/css/style.css
DEBUG|TEMPLATE|1646920490385|Save 'Public/temp/assets/a763e7ed301db6744c3bf342eba5c3c5.js' cache file from /var/www/Site/Front/Resource/assets/js/libs/jquery/jquery.js
DEBUG|TEMPLATE|1646920490386|Save 'Public/temp/assets/3df13f17c73c2982972ebfb34aac3e9e.js' cache file from /var/www/Site/Front/Resource/assets/js/libs/fixheader/header.js
WARNING|TEMPLATE|1646920490386|The assets /var/www/Site/Front/Resource/assets/js/libs/fixheader/header.js not exist
ERROR|FILES|1646920490386|Cannot read from '/var/www/Site/Front/Resource/assets/js/libs/fixheader/header.js' file
DEBUG|TEMPLATE|1646920490386|Save 'Public/temp/assets/778e457e80c4b453175286c6621072d9.js' cache file from /var/www/Site/Front/Resource/assets/js/libs/fixtools/fixtools.js
DEBUG|TEMPLATE|1646920490386|Save 'Public/temp/assets/0d329e8810a88f3735bc1700ff21190a.js' cache file from /var/www/Site/Front/Resource/assets/js/libs/fixheader/fixheader.js
DEBUG|TEMPLATE|1646920490386|Save 'Public/temp/assets/db213287edc2ad4ea6fc4f4eb6f69508.js' cache file from /var/www/Site/Front/Resource/assets/js/libs/header/header.js
DEBUG|TEMPLATE|1646920490386|Save 'Public/temp/assets/a7c2c331aa19a1259b4d2ed192225acb.js' cache file from /var/www/Site/Front/Resource/assets/js/libs/splash/splash.js
DEBUG|TEMPLATE|1646920490386|Save 'Public/temp/assets/566ade06d7f6400ef8906fe0417b24e5.js' cache file from /var/www/Site/Front/Resource/assets/js/main.js
ERROR|TEMPLATE|1646920490387|Try to render a non-existing or unvalid vars 'page.title'
ERROR|TEMPLATE|1646920490387|Try to render a non-existing or unvalid vars 'page.image'
ERROR|TEMPLATE|1646920490387|Try to render a non-existing or unvalid vars 'page.image'
ERROR|TEMPLATE|1646920490387|Try to render a non-existing or unvalid vars 'page.description'
ERROR|TEMPLATE|1646920490387|Try to render a non-existing or unvalid vars 'page.image'
ERROR|TEMPLATE|1646920490387|Try to render a non-existing or unvalid vars 'page.image'
ERROR|TEMPLATE|1646920490387|Try to render a non-existing or unvalid vars 'page.auth.fullname'
ERROR|TEMPLATE|1646920490387|Try to render a non-existing or unvalid vars 'page.auth.email'
DEFAULT|ROUTING|1646920533161|/admin:404
DEFAULT|ROUTING|1646920533170|Current '/admin' -> Front\Controller\DefaultController->notFound [localhost:8082](1)
DEBUG|TEMPLATE|1646920533170|Save 'Public/temp/assets/b88830eb018174a10b2d596ac7ec6fb6.css' cache file from /var/www/Site/Front/Resource/assets/css/responsive.css
DEBUG|TEMPLATE|1646920533171|Save 'Public/temp/assets/bc69a26fe21fa7e55fc1d96f01a72e84.css' cache file from /var/www/Site/Front/Resource/assets/css/style.css
DEBUG|TEMPLATE|1646920533171|Save 'Public/temp/assets/a763e7ed301db6744c3bf342eba5c3c5.js' cache file from /var/www/Site/Front/Resource/assets/js/libs/jquery/jquery.js
DEBUG|TEMPLATE|1646920533171|Save 'Public/temp/assets/3df13f17c73c2982972ebfb34aac3e9e.js' cache file from /var/www/Site/Front/Resource/assets/js/libs/fixheader/header.js
WARNING|TEMPLATE|1646920533171|The assets /var/www/Site/Front/Resource/assets/js/libs/fixheader/header.js not exist
ERROR|FILES|1646920533171|Cannot read from '/var/www/Site/Front/Resource/assets/js/libs/fixheader/header.js' file
DEBUG|TEMPLATE|1646920533171|Save 'Public/temp/assets/778e457e80c4b453175286c6621072d9.js' cache file from /var/www/Site/Front/Resource/assets/js/libs/fixtools/fixtools.js
DEBUG|TEMPLATE|1646920533171|Save 'Public/temp/assets/0d329e8810a88f3735bc1700ff21190a.js' cache file from /var/www/Site/Front/Resource/assets/js/libs/fixheader/fixheader.js
DEBUG|TEMPLATE|1646920533171|Save 'Public/temp/assets/db213287edc2ad4ea6fc4f4eb6f69508.js' cache file from /var/www/Site/Front/Resource/assets/js/libs/header/header.js
DEBUG|TEMPLATE|1646920533172|Save 'Public/temp/assets/a7c2c331aa19a1259b4d2ed192225acb.js' cache file from /var/www/Site/Front/Resource/assets/js/libs/splash/splash.js
DEBUG|TEMPLATE|1646920533172|Save 'Public/temp/assets/566ade06d7f6400ef8906fe0417b24e5.js' cache file from /var/www/Site/Front/Resource/assets/js/main.js
ERROR|TEMPLATE|1646920533172|Try to render a non-existing or unvalid vars 'page.title'
ERROR|TEMPLATE|1646920533172|Try to render a non-existing or unvalid vars 'page.image'
ERROR|TEMPLATE|1646920533172|Try to render a non-existing or unvalid vars 'page.image'
ERROR|TEMPLATE|1646920533172|Try to render a non-existing or unvalid vars 'page.description'
ERROR|TEMPLATE|1646920533172|Try to render a non-existing or unvalid vars 'page.image'
ERROR|TEMPLATE|1646920533172|Try to render a non-existing or unvalid vars 'page.image'
ERROR|TEMPLATE|1646920533172|Try to render a non-existing or unvalid vars 'page.auth.fullname'
ERROR|TEMPLATE|1646920533172|Try to render a non-existing or unvalid vars 'page.auth.email'
DEFAULT|ROUTING|1646920566505|/admin:500
ERROR|DATABASE|1646920566506|Connection error: SQLSTATE[HY000] [2002] Connection refused
DEFAULT|ROUTING|1646920567896|/admin:500
DEFAULT|ROUTING|1646920568077|/admin:500
DEFAULT|ROUTING|1646920568597|/admin:500
DEFAULT|ROUTING|1646920568843|/admin:500
DEFAULT|ROUTING|1646920569318|/admin:500
DEFAULT|ROUTING|1646920586470|Current '/admin' -> Admin\Controller\AdminController->adminLogin [localhost:8082](0)
DEFAULT|ROUTING|1646920586470|/admin:200
WARNING|ROUTING|1646920586470|Site 'localhost' has no route
DEBUG|TEMPLATE|1646920586473|Save 'Public/temp/assets/b88830eb018174a10b2d596ac7ec6fb6.css' cache file from /var/www/Site/Front/Resource/assets/css/responsive.css
DEBUG|TEMPLATE|1646920586473|Save 'Public/temp/assets/39a67320b9b956f6ac5297229b740d9a.css' cache file from /var/www/Site/Admin/Resource/assets/css/style.css
WARNING|FILES|1646920586473|Try to delete a non-existing file '/var/www/Public/temp/assets/39a67320b9b956f6ac5297229b740d9a.css'
DEBUG|TEMPLATE|1646920586473|Save 'Public/temp/assets/a763e7ed301db6744c3bf342eba5c3c5.js' cache file from /var/www/Site/Front/Resource/assets/js/libs/jquery/jquery.js
DEBUG|TEMPLATE|1646920586473|Save 'Public/temp/assets/d55d2da5389f3c8e16473aa364ce5640.js' cache file from /var/www/Site/Admin/Resource/assets/js/ajax/ajax.js
WARNING|FILES|1646920586473|Try to delete a non-existing file '/var/www/Public/temp/assets/d55d2da5389f3c8e16473aa364ce5640.js'
DEBUG|TEMPLATE|1646920586474|Save 'Public/temp/assets/3f81b25605260cf1572b299b1ef8ec85.js' cache file from /var/www/Site/Admin/Resource/assets/js/form/form.js
WARNING|FILES|1646920586474|Try to delete a non-existing file '/var/www/Public/temp/assets/3f81b25605260cf1572b299b1ef8ec85.js'
DEBUG|TEMPLATE|1646920586474|Save 'Public/temp/assets/0ce529ad3f0947515df812830c79d06d.js' cache file from /var/www/Site/Admin/Resource/assets/js/form/wysiwyg/wysiwyg.js
WARNING|FILES|1646920586474|Try to delete a non-existing file '/var/www/Public/temp/assets/0ce529ad3f0947515df812830c79d06d.js'
DEBUG|TEMPLATE|1646920586474|Save 'Public/temp/assets/5224d6fc31bc161563201ee1d3af6566.js' cache file from /var/www/Site/Admin/Resource/assets/js/main.js
WARNING|FILES|1646920586474|Try to delete a non-existing file '/var/www/Public/temp/assets/5224d6fc31bc161563201ee1d3af6566.js'
ERROR|TEMPLATE|1646920586474|Try to render a non-existing or unvalid vars 'page.title'
DEFAULT|ROUTING|1646920593057|Current '/admin/verify' -> Admin\Controller\AdminController->adminVerify [localhost:8082](0)
DEFAULT|ROUTING|1646920593057|/admin/verify:200
WARNING|ROUTING|1646920593057|Site 'localhost' has no route
DEFAULT|ROUTING|1646920593135|Current '/admin' -> Admin\Controller\AdminController->adminLogin [localhost:8082](0)
DEFAULT|ROUTING|1646920593135|/admin:200
WARNING|ROUTING|1646920593135|Site 'localhost' has no route
DEBUG|TEMPLATE|1646920593137|Save 'Public/temp/assets/b88830eb018174a10b2d596ac7ec6fb6.css' cache file from /var/www/Site/Front/Resource/assets/css/responsive.css
DEBUG|TEMPLATE|1646920593138|Save 'Public/temp/assets/39a67320b9b956f6ac5297229b740d9a.css' cache file from /var/www/Site/Admin/Resource/assets/css/style.css
DEBUG|TEMPLATE|1646920593138|Save 'Public/temp/assets/a763e7ed301db6744c3bf342eba5c3c5.js' cache file from /var/www/Site/Front/Resource/assets/js/libs/jquery/jquery.js
DEBUG|TEMPLATE|1646920593138|Save 'Public/temp/assets/d55d2da5389f3c8e16473aa364ce5640.js' cache file from /var/www/Site/Admin/Resource/assets/js/ajax/ajax.js
DEBUG|TEMPLATE|1646920593138|Save 'Public/temp/assets/3f81b25605260cf1572b299b1ef8ec85.js' cache file from /var/www/Site/Admin/Resource/assets/js/form/form.js
DEBUG|TEMPLATE|1646920593138|Save 'Public/temp/assets/0ce529ad3f0947515df812830c79d06d.js' cache file from /var/www/Site/Admin/Resource/assets/js/form/wysiwyg/wysiwyg.js
DEBUG|TEMPLATE|1646920593138|Save 'Public/temp/assets/5224d6fc31bc161563201ee1d3af6566.js' cache file from /var/www/Site/Admin/Resource/assets/js/main.js
ERROR|TEMPLATE|1646920593138|Try to render a non-existing or unvalid vars 'page.title'
DEFAULT|ROUTING|1646920598455|Current '/admin/verify' -> Admin\Controller\AdminController->adminVerify [localhost:8082](0)
DEFAULT|ROUTING|1646920598455|/admin/verify:200
WARNING|ROUTING|1646920598455|Site 'localhost' has no route
DEFAULT|ROUTING|1646920598527|Current '/admin' -> Admin\Controller\AdminController->adminLogin [localhost:8082](0)
DEFAULT|ROUTING|1646920598527|/admin:200
WARNING|ROUTING|1646920598527|Site 'localhost' has no route
DEBUG|TEMPLATE|1646920598530|Save 'Public/temp/assets/b88830eb018174a10b2d596ac7ec6fb6.css' cache file from /var/www/Site/Front/Resource/assets/css/responsive.css
DEBUG|TEMPLATE|1646920598530|Save 'Public/temp/assets/39a67320b9b956f6ac5297229b740d9a.css' cache file from /var/www/Site/Admin/Resource/assets/css/style.css
DEBUG|TEMPLATE|1646920598530|Save 'Public/temp/assets/a763e7ed301db6744c3bf342eba5c3c5.js' cache file from /var/www/Site/Front/Resource/assets/js/libs/jquery/jquery.js
DEBUG|TEMPLATE|1646920598530|Save 'Public/temp/assets/d55d2da5389f3c8e16473aa364ce5640.js' cache file from /var/www/Site/Admin/Resource/assets/js/ajax/ajax.js
DEBUG|TEMPLATE|1646920598530|Save 'Public/temp/assets/3f81b25605260cf1572b299b1ef8ec85.js' cache file from /var/www/Site/Admin/Resource/assets/js/form/form.js
DEBUG|TEMPLATE|1646920598530|Save 'Public/temp/assets/0ce529ad3f0947515df812830c79d06d.js' cache file from /var/www/Site/Admin/Resource/assets/js/form/wysiwyg/wysiwyg.js
DEBUG|TEMPLATE|1646920598530|Save 'Public/temp/assets/5224d6fc31bc161563201ee1d3af6566.js' cache file from /var/www/Site/Admin/Resource/assets/js/main.js
ERROR|TEMPLATE|1646920598531|Try to render a non-existing or unvalid vars 'page.title'
DEFAULT|ROUTING|1646920741521|Current '/admin' -> Admin\Controller\AdminController->adminLogin [localhost:8082](0)
DEFAULT|ROUTING|1646920741521|/admin:200
WARNING|ROUTING|1646920741521|Site 'localhost' has no route
DEBUG|TEMPLATE|1646920741523|Save 'Public/temp/assets/b88830eb018174a10b2d596ac7ec6fb6.css' cache file from /var/www/Site/Front/Resource/assets/css/responsive.css
DEBUG|TEMPLATE|1646920741523|Save 'Public/temp/assets/39a67320b9b956f6ac5297229b740d9a.css' cache file from /var/www/Site/Admin/Resource/assets/css/style.css
DEBUG|TEMPLATE|1646920741523|Save 'Public/temp/assets/a763e7ed301db6744c3bf342eba5c3c5.js' cache file from /var/www/Site/Front/Resource/assets/js/libs/jquery/jquery.js
DEBUG|TEMPLATE|1646920741523|Save 'Public/temp/assets/d55d2da5389f3c8e16473aa364ce5640.js' cache file from /var/www/Site/Admin/Resource/assets/js/ajax/ajax.js
DEBUG|TEMPLATE|1646920741523|Save 'Public/temp/assets/3f81b25605260cf1572b299b1ef8ec85.js' cache file from /var/www/Site/Admin/Resource/assets/js/form/form.js
DEBUG|TEMPLATE|1646920741524|Save 'Public/temp/assets/0ce529ad3f0947515df812830c79d06d.js' cache file from /var/www/Site/Admin/Resource/assets/js/form/wysiwyg/wysiwyg.js
DEBUG|TEMPLATE|1646920741524|Save 'Public/temp/assets/5224d6fc31bc161563201ee1d3af6566.js' cache file from /var/www/Site/Admin/Resource/assets/js/main.js
ERROR|TEMPLATE|1646920741524|Try to render a non-existing or unvalid vars 'page.title'
DEFAULT|ROUTING|1646920931151|Current '/admin' -> Admin\Controller\AdminController->adminLogin [localhost:8082](0)
DEFAULT|ROUTING|1646920931152|/admin:200
WARNING|ROUTING|1646920931152|Site 'localhost' has no route
DEFAULT|ROUTING|1646920956260|Current '/admin' -> Admin\Controller\AdminController->adminLogin [localhost:8082](0)
DEFAULT|ROUTING|1646920956260|/admin:200
WARNING|ROUTING|1646920956260|Site 'localhost' has no route
DEFAULT|ROUTING|1646920982228|Current '/admin' -> Admin\Controller\AdminController->adminLogin [localhost:8082](0)
DEFAULT|ROUTING|1646920982228|/admin:200
WARNING|ROUTING|1646920982228|Site 'localhost' has no route
DEBUG|TEMPLATE|1646920982237|Save 'Public/temp/assets/b88830eb018174a10b2d596ac7ec6fb6.css' cache file from /var/www/Site/Front/Resource/assets/css/responsive.css
DEBUG|TEMPLATE|1646920982238|Save 'Public/temp/assets/39a67320b9b956f6ac5297229b740d9a.css' cache file from /var/www/Site/Admin/Resource/assets/css/style.css
DEBUG|TEMPLATE|1646920982238|Save 'Public/temp/assets/a763e7ed301db6744c3bf342eba5c3c5.js' cache file from /var/www/Site/Front/Resource/assets/js/libs/jquery/jquery.js
DEBUG|TEMPLATE|1646920982239|Save 'Public/temp/assets/d55d2da5389f3c8e16473aa364ce5640.js' cache file from /var/www/Site/Admin/Resource/assets/js/ajax/ajax.js
DEBUG|TEMPLATE|1646920982240|Save 'Public/temp/assets/3f81b25605260cf1572b299b1ef8ec85.js' cache file from /var/www/Site/Admin/Resource/assets/js/form/form.js
DEBUG|TEMPLATE|1646920982240|Save 'Public/temp/assets/0ce529ad3f0947515df812830c79d06d.js' cache file from /var/www/Site/Admin/Resource/assets/js/form/wysiwyg/wysiwyg.js
DEBUG|TEMPLATE|1646920982241|Save 'Public/temp/assets/5224d6fc31bc161563201ee1d3af6566.js' cache file from /var/www/Site/Admin/Resource/assets/js/main.js
ERROR|TEMPLATE|1646920982242|Try to render a non-existing or unvalid vars 'page.title'
DEFAULT|ROUTING|1646920996678|Current '/admin' -> Admin\Controller\AdminController->adminLogin [localhost:8082](0)
DEFAULT|ROUTING|1646920996678|/admin:200
WARNING|ROUTING|1646920996678|Site 'localhost' has no route
DEBUG|TEMPLATE|1646920996681|Save 'Public/temp/assets/b88830eb018174a10b2d596ac7ec6fb6.css' cache file from /var/www/Site/Front/Resource/assets/css/responsive.css
DEBUG|TEMPLATE|1646920996682|Save 'Public/temp/assets/39a67320b9b956f6ac5297229b740d9a.css' cache file from /var/www/Site/Admin/Resource/assets/css/style.css
DEBUG|TEMPLATE|1646920996682|Save 'Public/temp/assets/a763e7ed301db6744c3bf342eba5c3c5.js' cache file from /var/www/Site/Front/Resource/assets/js/libs/jquery/jquery.js
DEBUG|TEMPLATE|1646920996682|Save 'Public/temp/assets/d55d2da5389f3c8e16473aa364ce5640.js' cache file from /var/www/Site/Admin/Resource/assets/js/ajax/ajax.js
DEBUG|TEMPLATE|1646920996682|Save 'Public/temp/assets/3f81b25605260cf1572b299b1ef8ec85.js' cache file from /var/www/Site/Admin/Resource/assets/js/form/form.js
DEBUG|TEMPLATE|1646920996682|Save 'Public/temp/assets/0ce529ad3f0947515df812830c79d06d.js' cache file from /var/www/Site/Admin/Resource/assets/js/form/wysiwyg/wysiwyg.js
DEBUG|TEMPLATE|1646920996683|Save 'Public/temp/assets/5224d6fc31bc161563201ee1d3af6566.js' cache file from /var/www/Site/Admin/Resource/assets/js/main.js
ERROR|TEMPLATE|1646920996683|Try to render a non-existing or unvalid vars 'page.title'
DEFAULT|ROUTING|1646921001088|Current '/admin/verify' -> Admin\Controller\AdminController->adminVerify [localhost:8082](0)
DEFAULT|ROUTING|1646921001088|/admin/verify:200
WARNING|ROUTING|1646921001088|Site 'localhost' has no route
DEFAULT|ROUTING|1646921001162|Current '/admin' -> Admin\Controller\AdminController->adminLogin [localhost:8082](0)
DEFAULT|ROUTING|1646921001162|/admin:200
WARNING|ROUTING|1646921001162|Site 'localhost' has no route
DEBUG|TEMPLATE|1646921001164|Save 'Public/temp/assets/b88830eb018174a10b2d596ac7ec6fb6.css' cache file from /var/www/Site/Front/Resource/assets/css/responsive.css
DEBUG|TEMPLATE|1646921001164|Save 'Public/temp/assets/39a67320b9b956f6ac5297229b740d9a.css' cache file from /var/www/Site/Admin/Resource/assets/css/style.css
DEBUG|TEMPLATE|1646921001164|Save 'Public/temp/assets/a763e7ed301db6744c3bf342eba5c3c5.js' cache file from /var/www/Site/Front/Resource/assets/js/libs/jquery/jquery.js
DEBUG|TEMPLATE|1646921001164|Save 'Public/temp/assets/d55d2da5389f3c8e16473aa364ce5640.js' cache file from /var/www/Site/Admin/Resource/assets/js/ajax/ajax.js
DEBUG|TEMPLATE|1646921001164|Save 'Public/temp/assets/3f81b25605260cf1572b299b1ef8ec85.js' cache file from /var/www/Site/Admin/Resource/assets/js/form/form.js
DEBUG|TEMPLATE|1646921001164|Save 'Public/temp/assets/0ce529ad3f0947515df812830c79d06d.js' cache file from /var/www/Site/Admin/Resource/assets/js/form/wysiwyg/wysiwyg.js
DEBUG|TEMPLATE|1646921001165|Save 'Public/temp/assets/5224d6fc31bc161563201ee1d3af6566.js' cache file from /var/www/Site/Admin/Resource/assets/js/main.js
ERROR|TEMPLATE|1646921001165|Try to render a non-existing or unvalid vars 'page.title'
DEFAULT|ROUTING|1646921067561|Current '/admin' -> Admin\Controller\AdminController->adminLogin [localhost:8082](0)
DEFAULT|ROUTING|1646921067561|/admin:200
WARNING|ROUTING|1646921067561|Site 'localhost' has no route
DEBUG|TEMPLATE|1646921067625|Save 'Public/temp/assets/b88830eb018174a10b2d596ac7ec6fb6.css' cache file from /var/www/Site/Front/Resource/assets/css/responsive.css
DEBUG|TEMPLATE|1646921067625|Save 'Public/temp/assets/39a67320b9b956f6ac5297229b740d9a.css' cache file from /var/www/Site/Admin/Resource/assets/css/style.css
DEBUG|TEMPLATE|1646921067625|Save 'Public/temp/assets/a763e7ed301db6744c3bf342eba5c3c5.js' cache file from /var/www/Site/Front/Resource/assets/js/libs/jquery/jquery.js
DEBUG|TEMPLATE|1646921067625|Save 'Public/temp/assets/d55d2da5389f3c8e16473aa364ce5640.js' cache file from /var/www/Site/Admin/Resource/assets/js/ajax/ajax.js
DEBUG|TEMPLATE|1646921067625|Save 'Public/temp/assets/3f81b25605260cf1572b299b1ef8ec85.js' cache file from /var/www/Site/Admin/Resource/assets/js/form/form.js
DEBUG|TEMPLATE|1646921067625|Save 'Public/temp/assets/0ce529ad3f0947515df812830c79d06d.js' cache file from /var/www/Site/Admin/Resource/assets/js/form/wysiwyg/wysiwyg.js
DEBUG|TEMPLATE|1646921067625|Save 'Public/temp/assets/5224d6fc31bc161563201ee1d3af6566.js' cache file from /var/www/Site/Admin/Resource/assets/js/main.js
ERROR|TEMPLATE|1646921067626|Try to render a non-existing or unvalid vars 'page.title'
DEFAULT|ROUTING|1646921074440|Current '/admin/verify' -> Admin\Controller\AdminController->adminVerify [localhost:8082](0)
DEFAULT|ROUTING|1646921074440|/admin/verify:200
WARNING|ROUTING|1646921074440|Site 'localhost' has no route
DEFAULT|ROUTING|1646921074514|Current '/admin' -> Admin\Controller\AdminController->adminLogin [localhost:8082](0)
DEFAULT|ROUTING|1646921074514|/admin:200
WARNING|ROUTING|1646921074514|Site 'localhost' has no route
DEBUG|TEMPLATE|1646921074580|Save 'Public/temp/assets/b88830eb018174a10b2d596ac7ec6fb6.css' cache file from /var/www/Site/Front/Resource/assets/css/responsive.css
DEBUG|TEMPLATE|1646921074581|Save 'Public/temp/assets/39a67320b9b956f6ac5297229b740d9a.css' cache file from /var/www/Site/Admin/Resource/assets/css/style.css
DEBUG|TEMPLATE|1646921074581|Save 'Public/temp/assets/a763e7ed301db6744c3bf342eba5c3c5.js' cache file from /var/www/Site/Front/Resource/assets/js/libs/jquery/jquery.js
DEBUG|TEMPLATE|1646921074582|Save 'Public/temp/assets/d55d2da5389f3c8e16473aa364ce5640.js' cache file from /var/www/Site/Admin/Resource/assets/js/ajax/ajax.js
DEBUG|TEMPLATE|1646921074582|Save 'Public/temp/assets/3f81b25605260cf1572b299b1ef8ec85.js' cache file from /var/www/Site/Admin/Resource/assets/js/form/form.js
DEBUG|TEMPLATE|1646921074583|Save 'Public/temp/assets/0ce529ad3f0947515df812830c79d06d.js' cache file from /var/www/Site/Admin/Resource/assets/js/form/wysiwyg/wysiwyg.js
DEBUG|TEMPLATE|1646921074583|Save 'Public/temp/assets/5224d6fc31bc161563201ee1d3af6566.js' cache file from /var/www/Site/Admin/Resource/assets/js/main.js
ERROR|TEMPLATE|1646921074583|Try to render a non-existing or unvalid vars 'page.title'
DEFAULT|ROUTING|1646921105700|Current '/admin/verify' -> Admin\Controller\AdminController->adminVerify [localhost:8082](0)
DEFAULT|ROUTING|1646921105700|/admin/verify:200
WARNING|ROUTING|1646921105700|Site 'localhost' has no route
DEFAULT|ROUTING|1646921105782|Current '/admin' -> Admin\Controller\AdminController->adminLogin [localhost:8082](0)
DEFAULT|ROUTING|1646921105782|/admin:200
WARNING|ROUTING|1646921105782|Site 'localhost' has no route
DEBUG|TEMPLATE|1646921105843|Save 'Public/temp/assets/b88830eb018174a10b2d596ac7ec6fb6.css' cache file from /var/www/Site/Front/Resource/assets/css/responsive.css
DEBUG|TEMPLATE|1646921105843|Save 'Public/temp/assets/39a67320b9b956f6ac5297229b740d9a.css' cache file from /var/www/Site/Admin/Resource/assets/css/style.css
DEBUG|TEMPLATE|1646921105843|Save 'Public/temp/assets/a763e7ed301db6744c3bf342eba5c3c5.js' cache file from /var/www/Site/Front/Resource/assets/js/libs/jquery/jquery.js
DEBUG|TEMPLATE|1646921105843|Save 'Public/temp/assets/d55d2da5389f3c8e16473aa364ce5640.js' cache file from /var/www/Site/Admin/Resource/assets/js/ajax/ajax.js
DEBUG|TEMPLATE|1646921105843|Save 'Public/temp/assets/3f81b25605260cf1572b299b1ef8ec85.js' cache file from /var/www/Site/Admin/Resource/assets/js/form/form.js
DEBUG|TEMPLATE|1646921105843|Save 'Public/temp/assets/0ce529ad3f0947515df812830c79d06d.js' cache file from /var/www/Site/Admin/Resource/assets/js/form/wysiwyg/wysiwyg.js
DEBUG|TEMPLATE|1646921105843|Save 'Public/temp/assets/5224d6fc31bc161563201ee1d3af6566.js' cache file from /var/www/Site/Admin/Resource/assets/js/main.js
ERROR|TEMPLATE|1646921105843|Try to render a non-existing or unvalid vars 'page.title'
DEFAULT|ROUTING|1646921194249|Current '/admin' -> Admin\Controller\AdminController->adminLogin [localhost:8082](0)
DEFAULT|ROUTING|1646921194249|/admin:200
WARNING|ROUTING|1646921194249|Site 'localhost' has no route
DEBUG|TEMPLATE|1646921194327|Save 'Public/temp/assets/b88830eb018174a10b2d596ac7ec6fb6.css' cache file from /var/www/Site/Front/Resource/assets/css/responsive.css
DEBUG|TEMPLATE|1646921194328|Save 'Public/temp/assets/39a67320b9b956f6ac5297229b740d9a.css' cache file from /var/www/Site/Admin/Resource/assets/css/style.css
DEBUG|TEMPLATE|1646921194328|Save 'Public/temp/assets/a763e7ed301db6744c3bf342eba5c3c5.js' cache file from /var/www/Site/Front/Resource/assets/js/libs/jquery/jquery.js
DEBUG|TEMPLATE|1646921194328|Save 'Public/temp/assets/d55d2da5389f3c8e16473aa364ce5640.js' cache file from /var/www/Site/Admin/Resource/assets/js/ajax/ajax.js
DEBUG|TEMPLATE|1646921194329|Save 'Public/temp/assets/3f81b25605260cf1572b299b1ef8ec85.js' cache file from /var/www/Site/Admin/Resource/assets/js/form/form.js
DEBUG|TEMPLATE|1646921194329|Save 'Public/temp/assets/0ce529ad3f0947515df812830c79d06d.js' cache file from /var/www/Site/Admin/Resource/assets/js/form/wysiwyg/wysiwyg.js
DEBUG|TEMPLATE|1646921194329|Save 'Public/temp/assets/5224d6fc31bc161563201ee1d3af6566.js' cache file from /var/www/Site/Admin/Resource/assets/js/main.js
ERROR|TEMPLATE|1646921194329|Try to render a non-existing or unvalid vars 'page.title'
DEFAULT|ROUTING|1646921345369|Current '/admin' -> Admin\Controller\AdminController->adminLogin [localhost:8082](0)
DEFAULT|ROUTING|1646921345369|/admin:200
WARNING|ROUTING|1646921345369|Site 'localhost' has no route
DEBUG|TEMPLATE|1646921345448|Save 'Public/temp/assets/b88830eb018174a10b2d596ac7ec6fb6.css' cache file from /var/www/Site/Front/Resource/assets/css/responsive.css
DEBUG|TEMPLATE|1646921345448|Save 'Public/temp/assets/39a67320b9b956f6ac5297229b740d9a.css' cache file from /var/www/Site/Admin/Resource/assets/css/style.css
DEBUG|TEMPLATE|1646921345448|Save 'Public/temp/assets/a763e7ed301db6744c3bf342eba5c3c5.js' cache file from /var/www/Site/Front/Resource/assets/js/libs/jquery/jquery.js
DEBUG|TEMPLATE|1646921345449|Save 'Public/temp/assets/d55d2da5389f3c8e16473aa364ce5640.js' cache file from /var/www/Site/Admin/Resource/assets/js/ajax/ajax.js
DEBUG|TEMPLATE|1646921345449|Save 'Public/temp/assets/3f81b25605260cf1572b299b1ef8ec85.js' cache file from /var/www/Site/Admin/Resource/assets/js/form/form.js
DEBUG|TEMPLATE|1646921345449|Save 'Public/temp/assets/0ce529ad3f0947515df812830c79d06d.js' cache file from /var/www/Site/Admin/Resource/assets/js/form/wysiwyg/wysiwyg.js
DEBUG|TEMPLATE|1646921345450|Save 'Public/temp/assets/5224d6fc31bc161563201ee1d3af6566.js' cache file from /var/www/Site/Admin/Resource/assets/js/main.js
ERROR|TEMPLATE|1646921345450|Try to render a non-existing or unvalid vars 'page.title'
DEFAULT|ROUTING|1646921350513|Current '/admin/verify' -> Admin\Controller\AdminController->adminVerify [localhost:8082](0)
DEFAULT|ROUTING|1646921350513|/admin/verify:200
WARNING|ROUTING|1646921350513|Site 'localhost' has no route
DEFAULT|SECURITY|1646921350625|Generate 42d81c660b4613027655e62ebcc977d40723dc08eae921d73f0c29c8652c5e0c token
DEBUG|SECURITY|1646921350625|Save 42d81c660b4613027655e62ebcc977d40723dc08eae921d73f0c29c8652c5e0c token
WARNING|FILES|1646921350625|Try to delete a non-existing file '/var/www/Cache/security/token/FB002E120D091A3C57351EE09A3DD18A.token'
DEFAULT|ROUTING|1646921350642|Current '/admin/dashboard' -> Admin\Controller\AdminController->dashboard [localhost:8082](0)
DEFAULT|ROUTING|1646921350642|/admin/dashboard:200
WARNING|ROUTING|1646921350642|Site 'localhost' has no route
DEFAULT|SECURITY|1646921350700|[172.24.0.1] Token authentication successful for 42d81c660b4613027655e62ebcc977d40723dc08eae921d73f0c29c8652c5e0c
DEFAULT|SECURITY|1646921350757|[172.24.0.1] Token authentication successful for 42d81c660b4613027655e62ebcc977d40723dc08eae921d73f0c29c8652c5e0c
DEBUG|TEMPLATE|1646921350757|Save 'Public/temp/assets/b88830eb018174a10b2d596ac7ec6fb6.css' cache file from /var/www/Site/Front/Resource/assets/css/responsive.css
DEBUG|TEMPLATE|1646921350757|Save 'Public/temp/assets/39a67320b9b956f6ac5297229b740d9a.css' cache file from /var/www/Site/Admin/Resource/assets/css/style.css
DEBUG|TEMPLATE|1646921350758|Save 'Public/temp/assets/a763e7ed301db6744c3bf342eba5c3c5.js' cache file from /var/www/Site/Front/Resource/assets/js/libs/jquery/jquery.js
DEBUG|TEMPLATE|1646921350758|Save 'Public/temp/assets/d55d2da5389f3c8e16473aa364ce5640.js' cache file from /var/www/Site/Admin/Resource/assets/js/ajax/ajax.js
DEBUG|TEMPLATE|1646921350758|Save 'Public/temp/assets/3f81b25605260cf1572b299b1ef8ec85.js' cache file from /var/www/Site/Admin/Resource/assets/js/form/form.js
DEBUG|TEMPLATE|1646921350758|Save 'Public/temp/assets/0ce529ad3f0947515df812830c79d06d.js' cache file from /var/www/Site/Admin/Resource/assets/js/form/wysiwyg/wysiwyg.js
DEBUG|TEMPLATE|1646921350758|Save 'Public/temp/assets/5224d6fc31bc161563201ee1d3af6566.js' cache file from /var/www/Site/Admin/Resource/assets/js/main.js
ERROR|TEMPLATE|1646921350758|Try to render a non-existing or unvalid vars 'page.title'
DEFAULT|ROUTING|1646921361473|Current '/admin/dashboard/pages' -> Admin\Controller\AdminController->modulePages [localhost:8082](0)
DEFAULT|ROUTING|1646921361473|/admin/dashboard/pages:200
WARNING|ROUTING|1646921361473|Site 'localhost' has no route
DEFAULT|SECURITY|1646921361542|[172.24.0.1] Token authentication successful for 42d81c660b4613027655e62ebcc977d40723dc08eae921d73f0c29c8652c5e0c
DEFAULT|SECURITY|1646921361596|[172.24.0.1] Token authentication successful for 42d81c660b4613027655e62ebcc977d40723dc08eae921d73f0c29c8652c5e0c
DEBUG|TEMPLATE|1646921361596|Save 'Public/temp/assets/b88830eb018174a10b2d596ac7ec6fb6.css' cache file from /var/www/Site/Front/Resource/assets/css/responsive.css
DEBUG|TEMPLATE|1646921361597|Save 'Public/temp/assets/39a67320b9b956f6ac5297229b740d9a.css' cache file from /var/www/Site/Admin/Resource/assets/css/style.css
DEBUG|TEMPLATE|1646921361597|Save 'Public/temp/assets/a763e7ed301db6744c3bf342eba5c3c5.js' cache file from /var/www/Site/Front/Resource/assets/js/libs/jquery/jquery.js
DEBUG|TEMPLATE|1646921361597|Save 'Public/temp/assets/d55d2da5389f3c8e16473aa364ce5640.js' cache file from /var/www/Site/Admin/Resource/assets/js/ajax/ajax.js
DEBUG|TEMPLATE|1646921361597|Save 'Public/temp/assets/3f81b25605260cf1572b299b1ef8ec85.js' cache file from /var/www/Site/Admin/Resource/assets/js/form/form.js
DEBUG|TEMPLATE|1646921361597|Save 'Public/temp/assets/0ce529ad3f0947515df812830c79d06d.js' cache file from /var/www/Site/Admin/Resource/assets/js/form/wysiwyg/wysiwyg.js
DEBUG|TEMPLATE|1646921361597|Save 'Public/temp/assets/5224d6fc31bc161563201ee1d3af6566.js' cache file from /var/www/Site/Admin/Resource/assets/js/main.js
ERROR|TEMPLATE|1646921361597|Try to render a non-existing or unvalid vars 'page.title'
DEFAULT|ROUTING|1646921391398|Current '/admin/api/page/create' -> Api\Controller\PageController->create [localhost:8082](0)
DEFAULT|ROUTING|1646921391399|/admin/api/page/create:200
WARNING|ROUTING|1646921391399|Site 'localhost' has no route
DEFAULT|SECURITY|1646921391462|[172.24.0.1] Token authentication successful for 42d81c660b4613027655e62ebcc977d40723dc08eae921d73f0c29c8652c5e0c
DEFAULT|ROUTING|1646921398414|Current '/admin/dashboard/pages' -> Admin\Controller\AdminController->modulePages [localhost:8082](0)
DEFAULT|ROUTING|1646921398414|/admin/dashboard/pages:200
WARNING|ROUTING|1646921398414|Site 'localhost' has no route
DEFAULT|SECURITY|1646921398478|[172.24.0.1] Token authentication successful for 42d81c660b4613027655e62ebcc977d40723dc08eae921d73f0c29c8652c5e0c
DEFAULT|SECURITY|1646921398533|[172.24.0.1] Token authentication successful for 42d81c660b4613027655e62ebcc977d40723dc08eae921d73f0c29c8652c5e0c
DEBUG|TEMPLATE|1646921398534|Save 'Public/temp/assets/b88830eb018174a10b2d596ac7ec6fb6.css' cache file from /var/www/Site/Front/Resource/assets/css/responsive.css
DEBUG|TEMPLATE|1646921398534|Save 'Public/temp/assets/39a67320b9b956f6ac5297229b740d9a.css' cache file from /var/www/Site/Admin/Resource/assets/css/style.css
DEBUG|TEMPLATE|1646921398534|Save 'Public/temp/assets/a763e7ed301db6744c3bf342eba5c3c5.js' cache file from /var/www/Site/Front/Resource/assets/js/libs/jquery/jquery.js
DEBUG|TEMPLATE|1646921398534|Save 'Public/temp/assets/d55d2da5389f3c8e16473aa364ce5640.js' cache file from /var/www/Site/Admin/Resource/assets/js/ajax/ajax.js
DEBUG|TEMPLATE|1646921398534|Save 'Public/temp/assets/3f81b25605260cf1572b299b1ef8ec85.js' cache file from /var/www/Site/Admin/Resource/assets/js/form/form.js
DEBUG|TEMPLATE|1646921398534|Save 'Public/temp/assets/0ce529ad3f0947515df812830c79d06d.js' cache file from /var/www/Site/Admin/Resource/assets/js/form/wysiwyg/wysiwyg.js
DEBUG|TEMPLATE|1646921398535|Save 'Public/temp/assets/5224d6fc31bc161563201ee1d3af6566.js' cache file from /var/www/Site/Admin/Resource/assets/js/main.js
ERROR|TEMPLATE|1646921398535|Try to render a non-existing or unvalid vars 'page.title'
DEFAULT|ROUTING|1646921402839|/mine-zuber-:404
WARNING|ROUTING|1646921402839|Site 'localhost' has no route
DEFAULT|ROUTING|1646921402841|Current '/mine-zuber-' -> Front\Controller\DefaultController->renderPage [localhost:8082](0)
DEFAULT|SECURITY|1646921402898|[172.24.0.1] Token authentication successful for 42d81c660b4613027655e62ebcc977d40723dc08eae921d73f0c29c8652c5e0c
DEBUG|TEMPLATE|1646921402899|Save 'Public/temp/assets/b88830eb018174a10b2d596ac7ec6fb6.css' cache file from /var/www/Site/Front/Resource/assets/css/responsive.css
DEBUG|TEMPLATE|1646921402899|Save 'Public/temp/assets/bc69a26fe21fa7e55fc1d96f01a72e84.css' cache file from /var/www/Site/Front/Resource/assets/css/style.css
DEBUG|TEMPLATE|1646921402899|Save 'Public/temp/assets/a763e7ed301db6744c3bf342eba5c3c5.js' cache file from /var/www/Site/Front/Resource/assets/js/libs/jquery/jquery.js
DEBUG|TEMPLATE|1646921402899|Save 'Public/temp/assets/3df13f17c73c2982972ebfb34aac3e9e.js' cache file from /var/www/Site/Front/Resource/assets/js/libs/fixheader/header.js
WARNING|TEMPLATE|1646921402899|The assets /var/www/Site/Front/Resource/assets/js/libs/fixheader/header.js not exist
ERROR|FILES|1646921402899|Cannot read from '/var/www/Site/Front/Resource/assets/js/libs/fixheader/header.js' file
DEBUG|TEMPLATE|1646921402899|Save 'Public/temp/assets/778e457e80c4b453175286c6621072d9.js' cache file from /var/www/Site/Front/Resource/assets/js/libs/fixtools/fixtools.js
DEBUG|TEMPLATE|1646921402899|Save 'Public/temp/assets/0d329e8810a88f3735bc1700ff21190a.js' cache file from /var/www/Site/Front/Resource/assets/js/libs/fixheader/fixheader.js
DEBUG|TEMPLATE|1646921402899|Save 'Public/temp/assets/db213287edc2ad4ea6fc4f4eb6f69508.js' cache file from /var/www/Site/Front/Resource/assets/js/libs/header/header.js
DEBUG|TEMPLATE|1646921402899|Save 'Public/temp/assets/a7c2c331aa19a1259b4d2ed192225acb.js' cache file from /var/www/Site/Front/Resource/assets/js/libs/splash/splash.js
DEBUG|TEMPLATE|1646921402900|Save 'Public/temp/assets/566ade06d7f6400ef8906fe0417b24e5.js' cache file from /var/www/Site/Front/Resource/assets/js/main.js
ERROR|TEMPLATE|1646921402900|Try to render a non-existing or unvalid vars 'page.auth.job'
ERROR|TEMPLATE|1646921402900|Try to render a non-existing or unvalid vars 'page.rank'
DEFAULT|ROUTING|1646921455571|Current '/admin/api/page/create' -> Api\Controller\PageController->create [localhost:8082](0)
DEFAULT|ROUTING|1646921455571|/admin/api/page/create:200
WARNING|ROUTING|1646921455571|Site 'localhost' has no route
DEFAULT|SECURITY|1646921455638|[172.24.0.1] Token authentication successful for 42d81c660b4613027655e62ebcc977d40723dc08eae921d73f0c29c8652c5e0c
DEFAULT|ROUTING|1646921458015|Current '/admin/dashboard/pages' -> Admin\Controller\AdminController->modulePages [localhost:8082](0)
DEFAULT|ROUTING|1646921458015|/admin/dashboard/pages:200
WARNING|ROUTING|1646921458015|Site 'localhost' has no route
DEFAULT|SECURITY|1646921458079|[172.24.0.1] Token authentication successful for 42d81c660b4613027655e62ebcc977d40723dc08eae921d73f0c29c8652c5e0c
DEFAULT|SECURITY|1646921458134|[172.24.0.1] Token authentication successful for 42d81c660b4613027655e62ebcc977d40723dc08eae921d73f0c29c8652c5e0c
DEBUG|TEMPLATE|1646921458135|Save 'Public/temp/assets/b88830eb018174a10b2d596ac7ec6fb6.css' cache file from /var/www/Site/Front/Resource/assets/css/responsive.css
DEBUG|TEMPLATE|1646921458135|Save 'Public/temp/assets/39a67320b9b956f6ac5297229b740d9a.css' cache file from /var/www/Site/Admin/Resource/assets/css/style.css
DEBUG|TEMPLATE|1646921458135|Save 'Public/temp/assets/a763e7ed301db6744c3bf342eba5c3c5.js' cache file from /var/www/Site/Front/Resource/assets/js/libs/jquery/jquery.js
DEBUG|TEMPLATE|1646921458135|Save 'Public/temp/assets/d55d2da5389f3c8e16473aa364ce5640.js' cache file from /var/www/Site/Admin/Resource/assets/js/ajax/ajax.js
DEBUG|TEMPLATE|1646921458135|Save 'Public/temp/assets/3f81b25605260cf1572b299b1ef8ec85.js' cache file from /var/www/Site/Admin/Resource/assets/js/form/form.js
DEBUG|TEMPLATE|1646921458136|Save 'Public/temp/assets/0ce529ad3f0947515df812830c79d06d.js' cache file from /var/www/Site/Admin/Resource/assets/js/form/wysiwyg/wysiwyg.js
DEBUG|TEMPLATE|1646921458136|Save 'Public/temp/assets/5224d6fc31bc161563201ee1d3af6566.js' cache file from /var/www/Site/Admin/Resource/assets/js/main.js
ERROR|TEMPLATE|1646921458136|Try to render a non-existing or unvalid vars 'page.title'
DEFAULT|ROUTING|1646921460956|/mine-zuber-/test-child:404
WARNING|ROUTING|1646921460956|Site 'localhost' has no route
DEFAULT|ROUTING|1646921460959|Current '/mine-zuber-/test-child' -> Front\Controller\DefaultController->renderPage [localhost:8082](0)
DEFAULT|SECURITY|1646921461018|[172.24.0.1] Token authentication successful for 42d81c660b4613027655e62ebcc977d40723dc08eae921d73f0c29c8652c5e0c
DEBUG|TEMPLATE|1646921461018|Save 'Public/temp/assets/b88830eb018174a10b2d596ac7ec6fb6.css' cache file from /var/www/Site/Front/Resource/assets/css/responsive.css
DEBUG|TEMPLATE|1646921461018|Save 'Public/temp/assets/bc69a26fe21fa7e55fc1d96f01a72e84.css' cache file from /var/www/Site/Front/Resource/assets/css/style.css
DEBUG|TEMPLATE|1646921461018|Save 'Public/temp/assets/a763e7ed301db6744c3bf342eba5c3c5.js' cache file from /var/www/Site/Front/Resource/assets/js/libs/jquery/jquery.js
DEBUG|TEMPLATE|1646921461019|Save 'Public/temp/assets/3df13f17c73c2982972ebfb34aac3e9e.js' cache file from /var/www/Site/Front/Resource/assets/js/libs/fixheader/header.js
WARNING|TEMPLATE|1646921461019|The assets /var/www/Site/Front/Resource/assets/js/libs/fixheader/header.js not exist
ERROR|FILES|1646921461019|Cannot read from '/var/www/Site/Front/Resource/assets/js/libs/fixheader/header.js' file
DEBUG|TEMPLATE|1646921461019|Save 'Public/temp/assets/778e457e80c4b453175286c6621072d9.js' cache file from /var/www/Site/Front/Resource/assets/js/libs/fixtools/fixtools.js
DEBUG|TEMPLATE|1646921461019|Save 'Public/temp/assets/0d329e8810a88f3735bc1700ff21190a.js' cache file from /var/www/Site/Front/Resource/assets/js/libs/fixheader/fixheader.js
DEBUG|TEMPLATE|1646921461019|Save 'Public/temp/assets/db213287edc2ad4ea6fc4f4eb6f69508.js' cache file from /var/www/Site/Front/Resource/assets/js/libs/header/header.js
DEBUG|TEMPLATE|1646921461019|Save 'Public/temp/assets/a7c2c331aa19a1259b4d2ed192225acb.js' cache file from /var/www/Site/Front/Resource/assets/js/libs/splash/splash.js
DEBUG|TEMPLATE|1646921461019|Save 'Public/temp/assets/566ade06d7f6400ef8906fe0417b24e5.js' cache file from /var/www/Site/Front/Resource/assets/js/main.js
ERROR|TEMPLATE|1646921461019|Try to render a non-existing or unvalid vars 'page.auth.job'
ERROR|TEMPLATE|1646921461019|Try to render a non-existing or unvalid vars 'page.rank'
DEFAULT|ROUTING|1646921538823|Current '/admin/dashboard/logout' -> Admin\Controller\AdminController->logout [localhost:8082](0)
DEFAULT|ROUTING|1646921538823|/admin/dashboard/logout:200
WARNING|ROUTING|1646921538823|Site 'localhost' has no route
DEFAULT|SECURITY|1646921538887|[172.24.0.1] Token authentication successful for 42d81c660b4613027655e62ebcc977d40723dc08eae921d73f0c29c8652c5e0c
DEFAULT|ROUTING|1646921538902|Current '/admin' -> Admin\Controller\AdminController->adminLogin [localhost:8082](0)
DEFAULT|ROUTING|1646921538902|/admin:200
WARNING|ROUTING|1646921538902|Site 'localhost' has no route
WARNING|SECURITY|1646921538904|[172.24.0.1] Try to auth with a non-existing token 42d81c660b4613027655e62ebcc977d40723dc08eae921d73f0c29c8652c5e0c
WARNING|FILES|1646921538960|Try to delete a non-existing file '/var/www/Cache/security/token/FB002E120D091A3C57351EE09A3DD18A.token'
WARNING|SECURITY|1646921538960|[172.24.0.1] Try to auth with a non-existing token 42d81c660b4613027655e62ebcc977d40723dc08eae921d73f0c29c8652c5e0c
WARNING|FILES|1646921538961|Try to delete a non-existing file '/var/www/Cache/security/token/FB002E120D091A3C57351EE09A3DD18A.token'
WARNING|SECURITY|1646921538961|[172.24.0.1] Try to auth with a non-existing token 42d81c660b4613027655e62ebcc977d40723dc08eae921d73f0c29c8652c5e0c
DEBUG|TEMPLATE|1646921538961|Save 'Public/temp/assets/b88830eb018174a10b2d596ac7ec6fb6.css' cache file from /var/www/Site/Front/Resource/assets/css/responsive.css
DEBUG|TEMPLATE|1646921538962|Save 'Public/temp/assets/39a67320b9b956f6ac5297229b740d9a.css' cache file from /var/www/Site/Admin/Resource/assets/css/style.css
DEBUG|TEMPLATE|1646921538962|Save 'Public/temp/assets/a763e7ed301db6744c3bf342eba5c3c5.js' cache file from /var/www/Site/Front/Resource/assets/js/libs/jquery/jquery.js
DEBUG|TEMPLATE|1646921538962|Save 'Public/temp/assets/d55d2da5389f3c8e16473aa364ce5640.js' cache file from /var/www/Site/Admin/Resource/assets/js/ajax/ajax.js
DEBUG|TEMPLATE|1646921538962|Save 'Public/temp/assets/3f81b25605260cf1572b299b1ef8ec85.js' cache file from /var/www/Site/Admin/Resource/assets/js/form/form.js
DEBUG|TEMPLATE|1646921538962|Save 'Public/temp/assets/0ce529ad3f0947515df812830c79d06d.js' cache file from /var/www/Site/Admin/Resource/assets/js/form/wysiwyg/wysiwyg.js
DEBUG|TEMPLATE|1646921538962|Save 'Public/temp/assets/5224d6fc31bc161563201ee1d3af6566.js' cache file from /var/www/Site/Admin/Resource/assets/js/main.js
ERROR|TEMPLATE|1646921538963|Try to render a non-existing or unvalid vars 'page.title'
DEFAULT|ROUTING|1646921542014|Current '/' -> Front\Controller\DefaultController->index [localhost:8082](0)
DEFAULT|ROUTING|1646921542014|/:200
WARNING|ROUTING|1646921542014|Site 'localhost' has no route
WARNING|FILES|1646921542017|Try to delete a non-existing file '/var/www/Cache/security/token/FB002E120D091A3C57351EE09A3DD18A.token'
WARNING|SECURITY|1646921542017|[172.24.0.1] Try to auth with a non-existing token 42d81c660b4613027655e62ebcc977d40723dc08eae921d73f0c29c8652c5e0c
DEBUG|TEMPLATE|1646921542017|Save 'Public/temp/assets/b88830eb018174a10b2d596ac7ec6fb6.css' cache file from /var/www/Site/Front/Resource/assets/css/responsive.css
DEBUG|TEMPLATE|1646921542017|Save 'Public/temp/assets/bc69a26fe21fa7e55fc1d96f01a72e84.css' cache file from /var/www/Site/Front/Resource/assets/css/style.css
DEBUG|TEMPLATE|1646921542017|Save 'Public/temp/assets/a763e7ed301db6744c3bf342eba5c3c5.js' cache file from /var/www/Site/Front/Resource/assets/js/libs/jquery/jquery.js
DEBUG|TEMPLATE|1646921542017|Save 'Public/temp/assets/3df13f17c73c2982972ebfb34aac3e9e.js' cache file from /var/www/Site/Front/Resource/assets/js/libs/fixheader/header.js
WARNING|TEMPLATE|1646921542017|The assets /var/www/Site/Front/Resource/assets/js/libs/fixheader/header.js not exist
ERROR|FILES|1646921542017|Cannot read from '/var/www/Site/Front/Resource/assets/js/libs/fixheader/header.js' file
DEBUG|TEMPLATE|1646921542018|Save 'Public/temp/assets/778e457e80c4b453175286c6621072d9.js' cache file from /var/www/Site/Front/Resource/assets/js/libs/fixtools/fixtools.js
DEBUG|TEMPLATE|1646921542018|Save 'Public/temp/assets/0d329e8810a88f3735bc1700ff21190a.js' cache file from /var/www/Site/Front/Resource/assets/js/libs/fixheader/fixheader.js
DEBUG|TEMPLATE|1646921542018|Save 'Public/temp/assets/db213287edc2ad4ea6fc4f4eb6f69508.js' cache file from /var/www/Site/Front/Resource/assets/js/libs/header/header.js
DEBUG|TEMPLATE|1646921542018|Save 'Public/temp/assets/a7c2c331aa19a1259b4d2ed192225acb.js' cache file from /var/www/Site/Front/Resource/assets/js/libs/splash/splash.js
DEBUG|TEMPLATE|1646921542018|Save 'Public/temp/assets/566ade06d7f6400ef8906fe0417b24e5.js' cache file from /var/www/Site/Front/Resource/assets/js/main.js
ERROR|TEMPLATE|1646921542018|Try to render a non-existing or unvalid vars 'page.title'
ERROR|TEMPLATE|1646921542018|Try to render a non-existing or unvalid vars 'page.image'
ERROR|TEMPLATE|1646921542018|Try to render a non-existing or unvalid vars 'page.image'
ERROR|TEMPLATE|1646921542018|Try to render a non-existing or unvalid vars 'page.description'
ERROR|TEMPLATE|1646921542018|Try to render a non-existing or unvalid vars 'page.image'
ERROR|TEMPLATE|1646921542018|Try to render a non-existing or unvalid vars 'page.image'
ERROR|TEMPLATE|1646921542018|Try to render a non-existing or unvalid vars 'page.auth.fullname'
ERROR|TEMPLATE|1646921542018|Try to render a non-existing or unvalid vars 'page.auth.email'
ERROR|TEMPLATE|1646921542018|Try to render a non-existing or unvalid vars 'page.content'
DEFAULT|ROUTING|1646921542190|Current '/' -> Front\Controller\DefaultController->index [localhost:8082](0)
DEFAULT|ROUTING|1646921542190|/:200
WARNING|ROUTING|1646921542190|Site 'localhost' has no route
WARNING|FILES|1646921542193|Try to delete a non-existing file '/var/www/Cache/security/token/FB002E120D091A3C57351EE09A3DD18A.token'
WARNING|SECURITY|1646921542193|[172.24.0.1] Try to auth with a non-existing token 42d81c660b4613027655e62ebcc977d40723dc08eae921d73f0c29c8652c5e0c
DEBUG|TEMPLATE|1646921542193|Save 'Public/temp/assets/b88830eb018174a10b2d596ac7ec6fb6.css' cache file from /var/www/Site/Front/Resource/assets/css/responsive.css
DEBUG|TEMPLATE|1646921542193|Save 'Public/temp/assets/bc69a26fe21fa7e55fc1d96f01a72e84.css' cache file from /var/www/Site/Front/Resource/assets/css/style.css
DEBUG|TEMPLATE|1646921542194|Save 'Public/temp/assets/a763e7ed301db6744c3bf342eba5c3c5.js' cache file from /var/www/Site/Front/Resource/assets/js/libs/jquery/jquery.js
DEBUG|TEMPLATE|1646921542194|Save 'Public/temp/assets/3df13f17c73c2982972ebfb34aac3e9e.js' cache file from /var/www/Site/Front/Resource/assets/js/libs/fixheader/header.js
WARNING|TEMPLATE|1646921542194|The assets /var/www/Site/Front/Resource/assets/js/libs/fixheader/header.js not exist
ERROR|FILES|1646921542194|Cannot read from '/var/www/Site/Front/Resource/assets/js/libs/fixheader/header.js' file
DEBUG|TEMPLATE|1646921542194|Save 'Public/temp/assets/778e457e80c4b453175286c6621072d9.js' cache file from /var/www/Site/Front/Resource/assets/js/libs/fixtools/fixtools.js
DEBUG|TEMPLATE|1646921542194|Save 'Public/temp/assets/0d329e8810a88f3735bc1700ff21190a.js' cache file from /var/www/Site/Front/Resource/assets/js/libs/fixheader/fixheader.js
DEBUG|TEMPLATE|1646921542194|Save 'Public/temp/assets/db213287edc2ad4ea6fc4f4eb6f69508.js' cache file from /var/www/Site/Front/Resource/assets/js/libs/header/header.js
DEBUG|TEMPLATE|1646921542194|Save 'Public/temp/assets/a7c2c331aa19a1259b4d2ed192225acb.js' cache file from /var/www/Site/Front/Resource/assets/js/libs/splash/splash.js
DEBUG|TEMPLATE|1646921542194|Save 'Public/temp/assets/566ade06d7f6400ef8906fe0417b24e5.js' cache file from /var/www/Site/Front/Resource/assets/js/main.js
ERROR|TEMPLATE|1646921542194|Try to render a non-existing or unvalid vars 'page.title'
ERROR|TEMPLATE|1646921542194|Try to render a non-existing or unvalid vars 'page.image'
ERROR|TEMPLATE|1646921542194|Try to render a non-existing or unvalid vars 'page.image'
ERROR|TEMPLATE|1646921542194|Try to render a non-existing or unvalid vars 'page.description'
ERROR|TEMPLATE|1646921542194|Try to render a non-existing or unvalid vars 'page.image'
ERROR|TEMPLATE|1646921542194|Try to render a non-existing or unvalid vars 'page.image'
ERROR|TEMPLATE|1646921542194|Try to render a non-existing or unvalid vars 'page.auth.fullname'
ERROR|TEMPLATE|1646921542195|Try to render a non-existing or unvalid vars 'page.auth.email'
ERROR|TEMPLATE|1646921542195|Try to render a non-existing or unvalid vars 'page.content'
DEFAULT|ROUTING|1646921547107|/mine-zuber-/test-child:404
WARNING|ROUTING|1646921547107|Site 'localhost' has no route
DEFAULT|ROUTING|1646921547111|Current '/mine-zuber-/test-child' -> Front\Controller\DefaultController->renderPage [localhost:8082](0)
WARNING|FILES|1646921547112|Try to delete a non-existing file '/var/www/Cache/security/token/FB002E120D091A3C57351EE09A3DD18A.token'
WARNING|SECURITY|1646921547112|[172.24.0.1] Try to auth with a non-existing token 42d81c660b4613027655e62ebcc977d40723dc08eae921d73f0c29c8652c5e0c
DEBUG|TEMPLATE|1646921547112|Save 'Public/temp/assets/b88830eb018174a10b2d596ac7ec6fb6.css' cache file from /var/www/Site/Front/Resource/assets/css/responsive.css
DEBUG|TEMPLATE|1646921547113|Save 'Public/temp/assets/bc69a26fe21fa7e55fc1d96f01a72e84.css' cache file from /var/www/Site/Front/Resource/assets/css/style.css
DEBUG|TEMPLATE|1646921547113|Save 'Public/temp/assets/a763e7ed301db6744c3bf342eba5c3c5.js' cache file from /var/www/Site/Front/Resource/assets/js/libs/jquery/jquery.js
DEBUG|TEMPLATE|1646921547113|Save 'Public/temp/assets/3df13f17c73c2982972ebfb34aac3e9e.js' cache file from /var/www/Site/Front/Resource/assets/js/libs/fixheader/header.js
WARNING|TEMPLATE|1646921547113|The assets /var/www/Site/Front/Resource/assets/js/libs/fixheader/header.js not exist
ERROR|FILES|1646921547113|Cannot read from '/var/www/Site/Front/Resource/assets/js/libs/fixheader/header.js' file
DEBUG|TEMPLATE|1646921547113|Save 'Public/temp/assets/778e457e80c4b453175286c6621072d9.js' cache file from /var/www/Site/Front/Resource/assets/js/libs/fixtools/fixtools.js
DEBUG|TEMPLATE|1646921547113|Save 'Public/temp/assets/0d329e8810a88f3735bc1700ff21190a.js' cache file from /var/www/Site/Front/Resource/assets/js/libs/fixheader/fixheader.js
DEBUG|TEMPLATE|1646921547114|Save 'Public/temp/assets/db213287edc2ad4ea6fc4f4eb6f69508.js' cache file from /var/www/Site/Front/Resource/assets/js/libs/header/header.js
DEBUG|TEMPLATE|1646921547114|Save 'Public/temp/assets/a7c2c331aa19a1259b4d2ed192225acb.js' cache file from /var/www/Site/Front/Resource/assets/js/libs/splash/splash.js
DEBUG|TEMPLATE|1646921547114|Save 'Public/temp/assets/566ade06d7f6400ef8906fe0417b24e5.js' cache file from /var/www/Site/Front/Resource/assets/js/main.js
ERROR|TEMPLATE|1646921547114|Try to render a non-existing or unvalid vars 'page.auth.job'
ERROR|TEMPLATE|1646921547114|Try to render a non-existing or unvalid vars 'page.rank'
DEFAULT|ROUTING|1646921551422|Current '/admin' -> Admin\Controller\AdminController->adminLogin [localhost:8082](0)
DEFAULT|ROUTING|1646921551422|/admin:200
WARNING|ROUTING|1646921551422|Site 'localhost' has no route
WARNING|FILES|1646921551429|Try to delete a non-existing file '/var/www/Cache/security/token/FB002E120D091A3C57351EE09A3DD18A.token'
WARNING|SECURITY|1646921551429|[172.24.0.1] Try to auth with a non-existing token 42d81c660b4613027655e62ebcc977d40723dc08eae921d73f0c29c8652c5e0c
WARNING|FILES|1646921551499|Try to delete a non-existing file '/var/www/Cache/security/token/FB002E120D091A3C57351EE09A3DD18A.token'
WARNING|SECURITY|1646921551499|[172.24.0.1] Try to auth with a non-existing token 42d81c660b4613027655e62ebcc977d40723dc08eae921d73f0c29c8652c5e0c
WARNING|FILES|1646921551500|Try to delete a non-existing file '/var/www/Cache/security/token/FB002E120D091A3C57351EE09A3DD18A.token'
WARNING|SECURITY|1646921551500|[172.24.0.1] Try to auth with a non-existing token 42d81c660b4613027655e62ebcc977d40723dc08eae921d73f0c29c8652c5e0c
DEBUG|TEMPLATE|1646921551500|Save 'Public/temp/assets/b88830eb018174a10b2d596ac7ec6fb6.css' cache file from /var/www/Site/Front/Resource/assets/css/responsive.css
DEBUG|TEMPLATE|1646921551500|Save 'Public/temp/assets/39a67320b9b956f6ac5297229b740d9a.css' cache file from /var/www/Site/Admin/Resource/assets/css/style.css
DEBUG|TEMPLATE|1646921551501|Save 'Public/temp/assets/a763e7ed301db6744c3bf342eba5c3c5.js' cache file from /var/www/Site/Front/Resource/assets/js/libs/jquery/jquery.js
DEBUG|TEMPLATE|1646921551501|Save 'Public/temp/assets/d55d2da5389f3c8e16473aa364ce5640.js' cache file from /var/www/Site/Admin/Resource/assets/js/ajax/ajax.js
DEBUG|TEMPLATE|1646921551501|Save 'Public/temp/assets/3f81b25605260cf1572b299b1ef8ec85.js' cache file from /var/www/Site/Admin/Resource/assets/js/form/form.js
DEBUG|TEMPLATE|1646921551501|Save 'Public/temp/assets/0ce529ad3f0947515df812830c79d06d.js' cache file from /var/www/Site/Admin/Resource/assets/js/form/wysiwyg/wysiwyg.js
DEBUG|TEMPLATE|1646921551501|Save 'Public/temp/assets/5224d6fc31bc161563201ee1d3af6566.js' cache file from /var/www/Site/Admin/Resource/assets/js/main.js
ERROR|TEMPLATE|1646921551501|Try to render a non-existing or unvalid vars 'page.title'
DEFAULT|ROUTING|1646921558036|Current '/admin/verify' -> Admin\Controller\AdminController->adminVerify [localhost:8082](0)
DEFAULT|ROUTING|1646921558036|/admin/verify:200
WARNING|ROUTING|1646921558036|Site 'localhost' has no route
WARNING|FILES|1646921558038|Try to delete a non-existing file '/var/www/Cache/security/token/FB002E120D091A3C57351EE09A3DD18A.token'
WARNING|SECURITY|1646921558038|[172.24.0.1] Try to auth with a non-existing token 42d81c660b4613027655e62ebcc977d40723dc08eae921d73f0c29c8652c5e0c
DEFAULT|SECURITY|1646921558149|Generate 42d81c660b4613027655e62ebcc977d40723dc08eae921d73f0c29c8652c5e0c token
DEBUG|SECURITY|1646921558149|Save 42d81c660b4613027655e62ebcc977d40723dc08eae921d73f0c29c8652c5e0c token
WARNING|FILES|1646921558149|Try to delete a non-existing file '/var/www/Cache/security/token/FB002E120D091A3C57351EE09A3DD18A.token'
DEFAULT|ROUTING|1646921558163|Current '/admin/dashboard' -> Admin\Controller\AdminController->dashboard [localhost:8082](0)
DEFAULT|ROUTING|1646921558163|/admin/dashboard:200
WARNING|ROUTING|1646921558163|Site 'localhost' has no route
DEFAULT|SECURITY|1646921558220|[172.24.0.1] Token authentication successful for 42d81c660b4613027655e62ebcc977d40723dc08eae921d73f0c29c8652c5e0c
DEFAULT|SECURITY|1646921558277|[172.24.0.1] Token authentication successful for 42d81c660b4613027655e62ebcc977d40723dc08eae921d73f0c29c8652c5e0c
DEBUG|TEMPLATE|1646921558277|Save 'Public/temp/assets/b88830eb018174a10b2d596ac7ec6fb6.css' cache file from /var/www/Site/Front/Resource/assets/css/responsive.css
DEBUG|TEMPLATE|1646921558277|Save 'Public/temp/assets/39a67320b9b956f6ac5297229b740d9a.css' cache file from /var/www/Site/Admin/Resource/assets/css/style.css
DEBUG|TEMPLATE|1646921558277|Save 'Public/temp/assets/a763e7ed301db6744c3bf342eba5c3c5.js' cache file from /var/www/Site/Front/Resource/assets/js/libs/jquery/jquery.js
DEBUG|TEMPLATE|1646921558278|Save 'Public/temp/assets/d55d2da5389f3c8e16473aa364ce5640.js' cache file from /var/www/Site/Admin/Resource/assets/js/ajax/ajax.js
DEBUG|TEMPLATE|1646921558278|Save 'Public/temp/assets/3f81b25605260cf1572b299b1ef8ec85.js' cache file from /var/www/Site/Admin/Resource/assets/js/form/form.js
DEBUG|TEMPLATE|1646921558278|Save 'Public/temp/assets/0ce529ad3f0947515df812830c79d06d.js' cache file from /var/www/Site/Admin/Resource/assets/js/form/wysiwyg/wysiwyg.js
DEBUG|TEMPLATE|1646921558278|Save 'Public/temp/assets/5224d6fc31bc161563201ee1d3af6566.js' cache file from /var/www/Site/Admin/Resource/assets/js/main.js
ERROR|TEMPLATE|1646921558278|Try to render a non-existing or unvalid vars 'page.title'
DEFAULT|ROUTING|1646921559957|Current '/admin/dashboard/pages' -> Admin\Controller\AdminController->modulePages [localhost:8082](0)
DEFAULT|ROUTING|1646921559957|/admin/dashboard/pages:200
WARNING|ROUTING|1646921559957|Site 'localhost' has no route
DEFAULT|SECURITY|1646921560021|[172.24.0.1] Token authentication successful for 42d81c660b4613027655e62ebcc977d40723dc08eae921d73f0c29c8652c5e0c
DEFAULT|SECURITY|1646921560076|[172.24.0.1] Token authentication successful for 42d81c660b4613027655e62ebcc977d40723dc08eae921d73f0c29c8652c5e0c
DEBUG|TEMPLATE|1646921560076|Save 'Public/temp/assets/b88830eb018174a10b2d596ac7ec6fb6.css' cache file from /var/www/Site/Front/Resource/assets/css/responsive.css
DEBUG|TEMPLATE|1646921560077|Save 'Public/temp/assets/39a67320b9b956f6ac5297229b740d9a.css' cache file from /var/www/Site/Admin/Resource/assets/css/style.css
DEBUG|TEMPLATE|1646921560077|Save 'Public/temp/assets/a763e7ed301db6744c3bf342eba5c3c5.js' cache file from /var/www/Site/Front/Resource/assets/js/libs/jquery/jquery.js
DEBUG|TEMPLATE|1646921560077|Save 'Public/temp/assets/d55d2da5389f3c8e16473aa364ce5640.js' cache file from /var/www/Site/Admin/Resource/assets/js/ajax/ajax.js
DEBUG|TEMPLATE|1646921560077|Save 'Public/temp/assets/3f81b25605260cf1572b299b1ef8ec85.js' cache file from /var/www/Site/Admin/Resource/assets/js/form/form.js
DEBUG|TEMPLATE|1646921560077|Save 'Public/temp/assets/0ce529ad3f0947515df812830c79d06d.js' cache file from /var/www/Site/Admin/Resource/assets/js/form/wysiwyg/wysiwyg.js
DEBUG|TEMPLATE|1646921560077|Save 'Public/temp/assets/5224d6fc31bc161563201ee1d3af6566.js' cache file from /var/www/Site/Admin/Resource/assets/js/main.js
ERROR|TEMPLATE|1646921560077|Try to render a non-existing or unvalid vars 'page.title'
DEFAULT|ROUTING|1646921585613|Current '/admin/api/page/create' -> Api\Controller\PageController->create [localhost:8082](0)
DEFAULT|ROUTING|1646921585613|/admin/api/page/create:200
WARNING|ROUTING|1646921585613|Site 'localhost' has no route
DEFAULT|SECURITY|1646921585678|[172.24.0.1] Token authentication successful for 42d81c660b4613027655e62ebcc977d40723dc08eae921d73f0c29c8652c5e0c
DEFAULT|ROUTING|1646921588279|Current '/admin/dashboard/pages' -> Admin\Controller\AdminController->modulePages [localhost:8082](0)
DEFAULT|ROUTING|1646921588279|/admin/dashboard/pages:200
WARNING|ROUTING|1646921588279|Site 'localhost' has no route
DEFAULT|SECURITY|1646921588343|[172.24.0.1] Token authentication successful for 42d81c660b4613027655e62ebcc977d40723dc08eae921d73f0c29c8652c5e0c
DEFAULT|SECURITY|1646921588399|[172.24.0.1] Token authentication successful for 42d81c660b4613027655e62ebcc977d40723dc08eae921d73f0c29c8652c5e0c
DEBUG|TEMPLATE|1646921588400|Save 'Public/temp/assets/b88830eb018174a10b2d596ac7ec6fb6.css' cache file from /var/www/Site/Front/Resource/assets/css/responsive.css
DEBUG|TEMPLATE|1646921588400|Save 'Public/temp/assets/39a67320b9b956f6ac5297229b740d9a.css' cache file from /var/www/Site/Admin/Resource/assets/css/style.css
DEBUG|TEMPLATE|1646921588400|Save 'Public/temp/assets/a763e7ed301db6744c3bf342eba5c3c5.js' cache file from /var/www/Site/Front/Resource/assets/js/libs/jquery/jquery.js
DEBUG|TEMPLATE|1646921588400|Save 'Public/temp/assets/d55d2da5389f3c8e16473aa364ce5640.js' cache file from /var/www/Site/Admin/Resource/assets/js/ajax/ajax.js
DEBUG|TEMPLATE|1646921588400|Save 'Public/temp/assets/3f81b25605260cf1572b299b1ef8ec85.js' cache file from /var/www/Site/Admin/Resource/assets/js/form/form.js
DEBUG|TEMPLATE|1646921588400|Save 'Public/temp/assets/0ce529ad3f0947515df812830c79d06d.js' cache file from /var/www/Site/Admin/Resource/assets/js/form/wysiwyg/wysiwyg.js
DEBUG|TEMPLATE|1646921588400|Save 'Public/temp/assets/5224d6fc31bc161563201ee1d3af6566.js' cache file from /var/www/Site/Admin/Resource/assets/js/main.js
ERROR|TEMPLATE|1646921588401|Try to render a non-existing or unvalid vars 'page.title'
DEFAULT|ROUTING|1646921591863|/mine-zuber-/romain-il-est-vraiment-pas-beau:404
WARNING|ROUTING|1646921591863|Site 'localhost' has no route
DEFAULT|ROUTING|1646921591866|Current '/mine-zuber-/romain-il-est-vraiment-pas-beau' -> Front\Controller\DefaultController->renderPage [localhost:8082](0)
DEFAULT|SECURITY|1646921591924|[172.24.0.1] Token authentication successful for 42d81c660b4613027655e62ebcc977d40723dc08eae921d73f0c29c8652c5e0c
DEBUG|TEMPLATE|1646921591924|Save 'Public/temp/assets/b88830eb018174a10b2d596ac7ec6fb6.css' cache file from /var/www/Site/Front/Resource/assets/css/responsive.css
DEBUG|TEMPLATE|1646921591924|Save 'Public/temp/assets/bc69a26fe21fa7e55fc1d96f01a72e84.css' cache file from /var/www/Site/Front/Resource/assets/css/style.css
DEBUG|TEMPLATE|1646921591924|Save 'Public/temp/assets/a763e7ed301db6744c3bf342eba5c3c5.js' cache file from /var/www/Site/Front/Resource/assets/js/libs/jquery/jquery.js
DEBUG|TEMPLATE|1646921591924|Save 'Public/temp/assets/3df13f17c73c2982972ebfb34aac3e9e.js' cache file from /var/www/Site/Front/Resource/assets/js/libs/fixheader/header.js
WARNING|TEMPLATE|1646921591924|The assets /var/www/Site/Front/Resource/assets/js/libs/fixheader/header.js not exist
ERROR|FILES|1646921591924|Cannot read from '/var/www/Site/Front/Resource/assets/js/libs/fixheader/header.js' file
DEBUG|TEMPLATE|1646921591924|Save 'Public/temp/assets/778e457e80c4b453175286c6621072d9.js' cache file from /var/www/Site/Front/Resource/assets/js/libs/fixtools/fixtools.js
DEBUG|TEMPLATE|1646921591924|Save 'Public/temp/assets/0d329e8810a88f3735bc1700ff21190a.js' cache file from /var/www/Site/Front/Resource/assets/js/libs/fixheader/fixheader.js
DEBUG|TEMPLATE|1646921591925|Save 'Public/temp/assets/db213287edc2ad4ea6fc4f4eb6f69508.js' cache file from /var/www/Site/Front/Resource/assets/js/libs/header/header.js
DEBUG|TEMPLATE|1646921591925|Save 'Public/temp/assets/a7c2c331aa19a1259b4d2ed192225acb.js' cache file from /var/www/Site/Front/Resource/assets/js/libs/splash/splash.js
DEBUG|TEMPLATE|1646921591925|Save 'Public/temp/assets/566ade06d7f6400ef8906fe0417b24e5.js' cache file from /var/www/Site/Front/Resource/assets/js/main.js
ERROR|TEMPLATE|1646921591925|Try to render a non-existing or unvalid vars 'page.auth.job'
ERROR|TEMPLATE|1646921591925|Try to render a non-existing or unvalid vars 'page.rank'
DEFAULT|ROUTING|1646922202689|Current '/admin' -> Admin\Controller\AdminController->adminLogin [localhost:8082](0)
DEFAULT|ROUTING|1646922202689|/admin:200
WARNING|ROUTING|1646922202689|Site 'localhost' has no route
DEFAULT|SECURITY|1646922202751|[172.24.0.1] Token authentication successful for 42d81c660b4613027655e62ebcc977d40723dc08eae921d73f0c29c8652c5e0c
DEFAULT|SECURITY|1646922202864|[172.24.0.1] Token authentication successful for 42d81c660b4613027655e62ebcc977d40723dc08eae921d73f0c29c8652c5e0c
DEFAULT|SECURITY|1646922202922|[172.24.0.1] Token authentication successful for 42d81c660b4613027655e62ebcc977d40723dc08eae921d73f0c29c8652c5e0c
DEBUG|TEMPLATE|1646922202922|Save 'Public/temp/assets/b88830eb018174a10b2d596ac7ec6fb6.css' cache file from /var/www/Site/Front/Resource/assets/css/responsive.css
DEBUG|TEMPLATE|1646922202923|Save 'Public/temp/assets/39a67320b9b956f6ac5297229b740d9a.css' cache file from /var/www/Site/Admin/Resource/assets/css/style.css
DEBUG|TEMPLATE|1646922202923|Save 'Public/temp/assets/a763e7ed301db6744c3bf342eba5c3c5.js' cache file from /var/www/Site/Front/Resource/assets/js/libs/jquery/jquery.js
DEBUG|TEMPLATE|1646922202923|Save 'Public/temp/assets/d55d2da5389f3c8e16473aa364ce5640.js' cache file from /var/www/Site/Admin/Resource/assets/js/ajax/ajax.js
DEBUG|TEMPLATE|1646922202923|Save 'Public/temp/assets/3f81b25605260cf1572b299b1ef8ec85.js' cache file from /var/www/Site/Admin/Resource/assets/js/form/form.js
DEBUG|TEMPLATE|1646922202923|Save 'Public/temp/assets/0ce529ad3f0947515df812830c79d06d.js' cache file from /var/www/Site/Admin/Resource/assets/js/form/wysiwyg/wysiwyg.js
DEBUG|TEMPLATE|1646922202923|Save 'Public/temp/assets/5224d6fc31bc161563201ee1d3af6566.js' cache file from /var/www/Site/Admin/Resource/assets/js/main.js
ERROR|TEMPLATE|1646922202923|Try to render a non-existing or unvalid vars 'page.title'
DEFAULT|ROUTING|1646922208993|Current '/admin/verify' -> Admin\Controller\AdminController->adminVerify [localhost:8082](0)
DEFAULT|ROUTING|1646922208993|/admin/verify:200
WARNING|ROUTING|1646922208993|Site 'localhost' has no route
DEFAULT|SECURITY|1646922209054|[172.24.0.1] Token authentication successful for 42d81c660b4613027655e62ebcc977d40723dc08eae921d73f0c29c8652c5e0c
DEFAULT|SECURITY|1646922209166|Generate 42d81c660b4613027655e62ebcc977d40723dc08eae921d73f0c29c8652c5e0c token
DEBUG|SECURITY|1646922209166|Save 42d81c660b4613027655e62ebcc977d40723dc08eae921d73f0c29c8652c5e0c token
DEFAULT|ROUTING|1646922209184|Current '/admin/dashboard' -> Admin\Controller\AdminController->dashboard [localhost:8082](0)
DEFAULT|ROUTING|1646922209184|/admin/dashboard:200
WARNING|ROUTING|1646922209184|Site 'localhost' has no route
DEFAULT|SECURITY|1646922209244|[172.24.0.1] Token authentication successful for 42d81c660b4613027655e62ebcc977d40723dc08eae921d73f0c29c8652c5e0c
DEFAULT|SECURITY|1646922209301|[172.24.0.1] Token authentication successful for 42d81c660b4613027655e62ebcc977d40723dc08eae921d73f0c29c8652c5e0c
DEBUG|TEMPLATE|1646922209302|Save 'Public/temp/assets/b88830eb018174a10b2d596ac7ec6fb6.css' cache file from /var/www/Site/Front/Resource/assets/css/responsive.css
DEBUG|TEMPLATE|1646922209302|Save 'Public/temp/assets/39a67320b9b956f6ac5297229b740d9a.css' cache file from /var/www/Site/Admin/Resource/assets/css/style.css
DEBUG|TEMPLATE|1646922209302|Save 'Public/temp/assets/a763e7ed301db6744c3bf342eba5c3c5.js' cache file from /var/www/Site/Front/Resource/assets/js/libs/jquery/jquery.js
DEBUG|TEMPLATE|1646922209302|Save 'Public/temp/assets/d55d2da5389f3c8e16473aa364ce5640.js' cache file from /var/www/Site/Admin/Resource/assets/js/ajax/ajax.js
DEBUG|TEMPLATE|1646922209302|Save 'Public/temp/assets/3f81b25605260cf1572b299b1ef8ec85.js' cache file from /var/www/Site/Admin/Resource/assets/js/form/form.js
DEBUG|TEMPLATE|1646922209302|Save 'Public/temp/assets/0ce529ad3f0947515df812830c79d06d.js' cache file from /var/www/Site/Admin/Resource/assets/js/form/wysiwyg/wysiwyg.js
DEBUG|TEMPLATE|1646922209303|Save 'Public/temp/assets/5224d6fc31bc161563201ee1d3af6566.js' cache file from /var/www/Site/Admin/Resource/assets/js/main.js
ERROR|TEMPLATE|1646922209303|Try to render a non-existing or unvalid vars 'page.title'
DEFAULT|ROUTING|1646922260131|Current '/admin/dashboard/users' -> Admin\Controller\AdminController->moduleUsers [localhost:8082](0)
DEFAULT|ROUTING|1646922260132|/admin/dashboard/users:200
WARNING|ROUTING|1646922260132|Site 'localhost' has no route
DEFAULT|SECURITY|1646922284051|[172.24.0.1] Token authentication successful for 42d81c660b4613027655e62ebcc977d40723dc08eae921d73f0c29c8652c5e0c
DEFAULT|SECURITY|1646922284109|[172.24.0.1] Token authentication successful for 42d81c660b4613027655e62ebcc977d40723dc08eae921d73f0c29c8652c5e0c
DEBUG|TEMPLATE|1646922284109|Save 'Public/temp/assets/b88830eb018174a10b2d596ac7ec6fb6.css' cache file from /var/www/Site/Front/Resource/assets/css/responsive.css
DEBUG|TEMPLATE|1646922284109|Save 'Public/temp/assets/39a67320b9b956f6ac5297229b740d9a.css' cache file from /var/www/Site/Admin/Resource/assets/css/style.css
DEBUG|TEMPLATE|1646922284109|Save 'Public/temp/assets/a763e7ed301db6744c3bf342eba5c3c5.js' cache file from /var/www/Site/Front/Resource/assets/js/libs/jquery/jquery.js
DEBUG|TEMPLATE|1646922284110|Save 'Public/temp/assets/d55d2da5389f3c8e16473aa364ce5640.js' cache file from /var/www/Site/Admin/Resource/assets/js/ajax/ajax.js
DEBUG|TEMPLATE|1646922284110|Save 'Public/temp/assets/3f81b25605260cf1572b299b1ef8ec85.js' cache file from /var/www/Site/Admin/Resource/assets/js/form/form.js
DEBUG|TEMPLATE|1646922284110|Save 'Public/temp/assets/0ce529ad3f0947515df812830c79d06d.js' cache file from /var/www/Site/Admin/Resource/assets/js/form/wysiwyg/wysiwyg.js
DEBUG|TEMPLATE|1646922284110|Save 'Public/temp/assets/5224d6fc31bc161563201ee1d3af6566.js' cache file from /var/www/Site/Admin/Resource/assets/js/main.js
ERROR|TEMPLATE|1646922284110|Try to render a non-existing or unvalid vars 'page.title'
DEFAULT|ROUTING|1646922284119|Current '/admin/dashboard' -> Admin\Controller\AdminController->dashboard [localhost:8082](0)
DEFAULT|ROUTING|1646922284119|/admin/dashboard:200
WARNING|ROUTING|1646922284119|Site 'localhost' has no route
DEFAULT|SECURITY|1646922284177|[172.24.0.1] Token authentication successful for 42d81c660b4613027655e62ebcc977d40723dc08eae921d73f0c29c8652c5e0c
DEFAULT|SECURITY|1646922284230|[172.24.0.1] Token authentication successful for 42d81c660b4613027655e62ebcc977d40723dc08eae921d73f0c29c8652c5e0c
DEBUG|TEMPLATE|1646922284231|Save 'Public/temp/assets/b88830eb018174a10b2d596ac7ec6fb6.css' cache file from /var/www/Site/Front/Resource/assets/css/responsive.css
DEBUG|TEMPLATE|1646922284231|Save 'Public/temp/assets/39a67320b9b956f6ac5297229b740d9a.css' cache file from /var/www/Site/Admin/Resource/assets/css/style.css
DEBUG|TEMPLATE|1646922284231|Save 'Public/temp/assets/a763e7ed301db6744c3bf342eba5c3c5.js' cache file from /var/www/Site/Front/Resource/assets/js/libs/jquery/jquery.js
DEBUG|TEMPLATE|1646922284231|Save 'Public/temp/assets/d55d2da5389f3c8e16473aa364ce5640.js' cache file from /var/www/Site/Admin/Resource/assets/js/ajax/ajax.js
DEBUG|TEMPLATE|1646922284231|Save 'Public/temp/assets/3f81b25605260cf1572b299b1ef8ec85.js' cache file from /var/www/Site/Admin/Resource/assets/js/form/form.js
DEBUG|TEMPLATE|1646922284231|Save 'Public/temp/assets/0ce529ad3f0947515df812830c79d06d.js' cache file from /var/www/Site/Admin/Resource/assets/js/form/wysiwyg/wysiwyg.js
DEBUG|TEMPLATE|1646922284231|Save 'Public/temp/assets/5224d6fc31bc161563201ee1d3af6566.js' cache file from /var/www/Site/Admin/Resource/assets/js/main.js
ERROR|TEMPLATE|1646922284231|Try to render a non-existing or unvalid vars 'page.title'
DEFAULT|ROUTING|1646922284238|Current '/admin/dashboard' -> Admin\Controller\AdminController->dashboard [localhost:8082](0)
DEFAULT|ROUTING|1646922284238|/admin/dashboard:200
WARNING|ROUTING|1646922284238|Site 'localhost' has no route
DEFAULT|SECURITY|1646922284296|[172.24.0.1] Token authentication successful for 42d81c660b4613027655e62ebcc977d40723dc08eae921d73f0c29c8652c5e0c
DEFAULT|SECURITY|1646922284352|[172.24.0.1] Token authentication successful for 42d81c660b4613027655e62ebcc977d40723dc08eae921d73f0c29c8652c5e0c
DEBUG|TEMPLATE|1646922284352|Save 'Public/temp/assets/b88830eb018174a10b2d596ac7ec6fb6.css' cache file from /var/www/Site/Front/Resource/assets/css/responsive.css
DEBUG|TEMPLATE|1646922284352|Save 'Public/temp/assets/39a67320b9b956f6ac5297229b740d9a.css' cache file from /var/www/Site/Admin/Resource/assets/css/style.css
DEBUG|TEMPLATE|1646922284352|Save 'Public/temp/assets/a763e7ed301db6744c3bf342eba5c3c5.js' cache file from /var/www/Site/Front/Resource/assets/js/libs/jquery/jquery.js
DEBUG|TEMPLATE|1646922284352|Save 'Public/temp/assets/d55d2da5389f3c8e16473aa364ce5640.js' cache file from /var/www/Site/Admin/Resource/assets/js/ajax/ajax.js
DEBUG|TEMPLATE|1646922284352|Save 'Public/temp/assets/3f81b25605260cf1572b299b1ef8ec85.js' cache file from /var/www/Site/Admin/Resource/assets/js/form/form.js
DEBUG|TEMPLATE|1646922284353|Save 'Public/temp/assets/0ce529ad3f0947515df812830c79d06d.js' cache file from /var/www/Site/Admin/Resource/assets/js/form/wysiwyg/wysiwyg.js
DEBUG|TEMPLATE|1646922284353|Save 'Public/temp/assets/5224d6fc31bc161563201ee1d3af6566.js' cache file from /var/www/Site/Admin/Resource/assets/js/main.js
ERROR|TEMPLATE|1646922284353|Try to render a non-existing or unvalid vars 'page.title'
DEFAULT|ROUTING|1646922330710|Current '/admin/dashboard' -> Admin\Controller\AdminController->dashboard [localhost:8082](0)
DEFAULT|ROUTING|1646922330710|/admin/dashboard:200
WARNING|ROUTING|1646922330710|Site 'localhost' has no route
DEBUG|TEMPLATE|1646922330722|Save 'Public/temp/assets/b88830eb018174a10b2d596ac7ec6fb6.css' cache file from /var/www/Site/Front/Resource/assets/css/responsive.css
DEBUG|TEMPLATE|1646922330722|Save 'Public/temp/assets/39a67320b9b956f6ac5297229b740d9a.css' cache file from /var/www/Site/Admin/Resource/assets/css/style.css
DEBUG|TEMPLATE|1646922330722|Save 'Public/temp/assets/a763e7ed301db6744c3bf342eba5c3c5.js' cache file from /var/www/Site/Front/Resource/assets/js/libs/jquery/jquery.js
DEBUG|TEMPLATE|1646922330722|Save 'Public/temp/assets/d55d2da5389f3c8e16473aa364ce5640.js' cache file from /var/www/Site/Admin/Resource/assets/js/ajax/ajax.js
DEBUG|TEMPLATE|1646922330722|Save 'Public/temp/assets/3f81b25605260cf1572b299b1ef8ec85.js' cache file from /var/www/Site/Admin/Resource/assets/js/form/form.js
DEBUG|TEMPLATE|1646922330723|Save 'Public/temp/assets/0ce529ad3f0947515df812830c79d06d.js' cache file from /var/www/Site/Admin/Resource/assets/js/form/wysiwyg/wysiwyg.js
DEBUG|TEMPLATE|1646922330723|Save 'Public/temp/assets/5224d6fc31bc161563201ee1d3af6566.js' cache file from /var/www/Site/Admin/Resource/assets/js/main.js
ERROR|TEMPLATE|1646922330723|Try to render a non-existing or unvalid vars 'page.title'
ERROR|TEMPLATE|1646922330723|Try to render a non-existing or unvalid vars 'user.id'
DEFAULT|ROUTING|1646922332917|Current '/admin/dashboard/users' -> Admin\Controller\AdminController->moduleUsers [localhost:8082](0)
DEFAULT|ROUTING|1646922332917|/admin/dashboard/users:200
WARNING|ROUTING|1646922332917|Site 'localhost' has no route
DEBUG|TEMPLATE|1646922332923|Save 'Public/temp/assets/b88830eb018174a10b2d596ac7ec6fb6.css' cache file from /var/www/Site/Front/Resource/assets/css/responsive.css
DEBUG|TEMPLATE|1646922332923|Save 'Public/temp/assets/39a67320b9b956f6ac5297229b740d9a.css' cache file from /var/www/Site/Admin/Resource/assets/css/style.css
DEBUG|TEMPLATE|1646922332923|Save 'Public/temp/assets/a763e7ed301db6744c3bf342eba5c3c5.js' cache file from /var/www/Site/Front/Resource/assets/js/libs/jquery/jquery.js
DEBUG|TEMPLATE|1646922332924|Save 'Public/temp/assets/d55d2da5389f3c8e16473aa364ce5640.js' cache file from /var/www/Site/Admin/Resource/assets/js/ajax/ajax.js
DEBUG|TEMPLATE|1646922332924|Save 'Public/temp/assets/3f81b25605260cf1572b299b1ef8ec85.js' cache file from /var/www/Site/Admin/Resource/assets/js/form/form.js
DEBUG|TEMPLATE|1646922332924|Save 'Public/temp/assets/0ce529ad3f0947515df812830c79d06d.js' cache file from /var/www/Site/Admin/Resource/assets/js/form/wysiwyg/wysiwyg.js
DEBUG|TEMPLATE|1646922332924|Save 'Public/temp/assets/5224d6fc31bc161563201ee1d3af6566.js' cache file from /var/www/Site/Admin/Resource/assets/js/main.js
ERROR|TEMPLATE|1646922332924|Try to render a non-existing or unvalid vars 'page.title'
ERROR|TEMPLATE|1646922332924|Try to render a non-existing or unvalid vars 'user.id'
DEFAULT|ROUTING|1646922333006|Current '/admin/api/user/get' -> Api\Controller\UserController->get [localhost:8082](0)
DEFAULT|ROUTING|1646922333006|/admin/api/user/get:200
WARNING|ROUTING|1646922333006|Site 'localhost' has no route
DEFAULT|ROUTING|1646922362465|Current '/admin/api/user/delete/9' -> Api\Controller\UserController->delete [localhost:8082](1)
DEFAULT|ROUTING|1646922362465|/admin/api/user/delete/9:200
WARNING|ROUTING|1646922362465|Site 'localhost' has no route
DEFAULT|ROUTING|1646922365865|Current '/admin/api/user/delete/8' -> Api\Controller\UserController->delete [localhost:8082](1)
DEFAULT|ROUTING|1646922365865|/admin/api/user/delete/8:200
WARNING|ROUTING|1646922365865|Site 'localhost' has no route
DEFAULT|ROUTING|1646922369019|Current '/admin/api/user/delete/7' -> Api\Controller\UserController->delete [localhost:8082](1)
DEFAULT|ROUTING|1646922369019|/admin/api/user/delete/7:200
WARNING|ROUTING|1646922369019|Site 'localhost' has no route
DEFAULT|ROUTING|1646922371669|Current '/admin/api/user/delete/6' -> Api\Controller\UserController->delete [localhost:8082](1)
DEFAULT|ROUTING|1646922371669|/admin/api/user/delete/6:200
WARNING|ROUTING|1646922371669|Site 'localhost' has no route
DEFAULT|ROUTING|1646922372085|Current '/admin/dashboard/users' -> Admin\Controller\AdminController->moduleUsers [localhost:8082](0)
DEFAULT|ROUTING|1646922372085|/admin/dashboard/users:200
WARNING|ROUTING|1646922372085|Site 'localhost' has no route
DEBUG|TEMPLATE|1646922372092|Save 'Public/temp/assets/b88830eb018174a10b2d596ac7ec6fb6.css' cache file from /var/www/Site/Front/Resource/assets/css/responsive.css
DEBUG|TEMPLATE|1646922372092|Save 'Public/temp/assets/39a67320b9b956f6ac5297229b740d9a.css' cache file from /var/www/Site/Admin/Resource/assets/css/style.css
DEBUG|TEMPLATE|1646922372092|Save 'Public/temp/assets/a763e7ed301db6744c3bf342eba5c3c5.js' cache file from /var/www/Site/Front/Resource/assets/js/libs/jquery/jquery.js
DEBUG|TEMPLATE|1646922372092|Save 'Public/temp/assets/d55d2da5389f3c8e16473aa364ce5640.js' cache file from /var/www/Site/Admin/Resource/assets/js/ajax/ajax.js
DEBUG|TEMPLATE|1646922372093|Save 'Public/temp/assets/3f81b25605260cf1572b299b1ef8ec85.js' cache file from /var/www/Site/Admin/Resource/assets/js/form/form.js
DEBUG|TEMPLATE|1646922372093|Save 'Public/temp/assets/0ce529ad3f0947515df812830c79d06d.js' cache file from /var/www/Site/Admin/Resource/assets/js/form/wysiwyg/wysiwyg.js
DEBUG|TEMPLATE|1646922372093|Save 'Public/temp/assets/5224d6fc31bc161563201ee1d3af6566.js' cache file from /var/www/Site/Admin/Resource/assets/js/main.js
ERROR|TEMPLATE|1646922372093|Try to render a non-existing or unvalid vars 'page.title'
ERROR|TEMPLATE|1646922372093|Try to render a non-existing or unvalid vars 'user.id'
DEFAULT|ROUTING|1646922372215|Current '/admin/api/user/get' -> Api\Controller\UserController->get [localhost:8082](0)
DEFAULT|ROUTING|1646922372215|/admin/api/user/get:200
WARNING|ROUTING|1646922372215|Site 'localhost' has no route
DEFAULT|ROUTING|1646922376483|Current '/admin/api/user/delete/5' -> Api\Controller\UserController->delete [localhost:8082](1)
DEFAULT|ROUTING|1646922376483|/admin/api/user/delete/5:200
WARNING|ROUTING|1646922376483|Site 'localhost' has no route
DEFAULT|ROUTING|1646922379466|Current '/admin/api/user/delete/1' -> Api\Controller\UserController->delete [localhost:8082](1)
DEFAULT|ROUTING|1646922379467|/admin/api/user/delete/1:200
WARNING|ROUTING|1646922379467|Site 'localhost' has no route
DEFAULT|ROUTING|1646922382542|Current '/admin/api/user/delete/3' -> Api\Controller\UserController->delete [localhost:8082](1)
DEFAULT|ROUTING|1646922382542|/admin/api/user/delete/3:200
WARNING|ROUTING|1646922382542|Site 'localhost' has no route
DEFAULT|ROUTING|1646922383007|Current '/admin/dashboard/users' -> Admin\Controller\AdminController->moduleUsers [localhost:8082](0)
DEFAULT|ROUTING|1646922383007|/admin/dashboard/users:200
WARNING|ROUTING|1646922383007|Site 'localhost' has no route
DEBUG|TEMPLATE|1646922383013|Save 'Public/temp/assets/b88830eb018174a10b2d596ac7ec6fb6.css' cache file from /var/www/Site/Front/Resource/assets/css/responsive.css
DEBUG|TEMPLATE|1646922383013|Save 'Public/temp/assets/39a67320b9b956f6ac5297229b740d9a.css' cache file from /var/www/Site/Admin/Resource/assets/css/style.css
DEBUG|TEMPLATE|1646922383013|Save 'Public/temp/assets/a763e7ed301db6744c3bf342eba5c3c5.js' cache file from /var/www/Site/Front/Resource/assets/js/libs/jquery/jquery.js
DEBUG|TEMPLATE|1646922383014|Save 'Public/temp/assets/d55d2da5389f3c8e16473aa364ce5640.js' cache file from /var/www/Site/Admin/Resource/assets/js/ajax/ajax.js
DEBUG|TEMPLATE|1646922383014|Save 'Public/temp/assets/3f81b25605260cf1572b299b1ef8ec85.js' cache file from /var/www/Site/Admin/Resource/assets/js/form/form.js
DEBUG|TEMPLATE|1646922383014|Save 'Public/temp/assets/0ce529ad3f0947515df812830c79d06d.js' cache file from /var/www/Site/Admin/Resource/assets/js/form/wysiwyg/wysiwyg.js
DEBUG|TEMPLATE|1646922383014|Save 'Public/temp/assets/5224d6fc31bc161563201ee1d3af6566.js' cache file from /var/www/Site/Admin/Resource/assets/js/main.js
ERROR|TEMPLATE|1646922383014|Try to render a non-existing or unvalid vars 'page.title'
ERROR|TEMPLATE|1646922383014|Try to render a non-existing or unvalid vars 'user.id'
DEFAULT|ROUTING|1646922383144|Current '/admin/api/user/get' -> Api\Controller\UserController->get [localhost:8082](0)
DEFAULT|ROUTING|1646922383144|/admin/api/user/get:200
WARNING|ROUTING|1646922383144|Site 'localhost' has no route
DEFAULT|ROUTING|1646922385872|Current '/admin/api/user/delete/4' -> Api\Controller\UserController->delete [localhost:8082](1)
DEFAULT|ROUTING|1646922385872|/admin/api/user/delete/4:200
WARNING|ROUTING|1646922385872|Site 'localhost' has no route
DEFAULT|ROUTING|1646922386487|Current '/admin/dashboard/users' -> Admin\Controller\AdminController->moduleUsers [localhost:8082](0)
DEFAULT|ROUTING|1646922386487|/admin/dashboard/users:200
WARNING|ROUTING|1646922386487|Site 'localhost' has no route
DEBUG|TEMPLATE|1646922386494|Save 'Public/temp/assets/b88830eb018174a10b2d596ac7ec6fb6.css' cache file from /var/www/Site/Front/Resource/assets/css/responsive.css
DEBUG|TEMPLATE|1646922386494|Save 'Public/temp/assets/39a67320b9b956f6ac5297229b740d9a.css' cache file from /var/www/Site/Admin/Resource/assets/css/style.css
DEBUG|TEMPLATE|1646922386494|Save 'Public/temp/assets/a763e7ed301db6744c3bf342eba5c3c5.js' cache file from /var/www/Site/Front/Resource/assets/js/libs/jquery/jquery.js
DEBUG|TEMPLATE|1646922386495|Save 'Public/temp/assets/d55d2da5389f3c8e16473aa364ce5640.js' cache file from /var/www/Site/Admin/Resource/assets/js/ajax/ajax.js
DEBUG|TEMPLATE|1646922386495|Save 'Public/temp/assets/3f81b25605260cf1572b299b1ef8ec85.js' cache file from /var/www/Site/Admin/Resource/assets/js/form/form.js
DEBUG|TEMPLATE|1646922386495|Save 'Public/temp/assets/0ce529ad3f0947515df812830c79d06d.js' cache file from /var/www/Site/Admin/Resource/assets/js/form/wysiwyg/wysiwyg.js
DEBUG|TEMPLATE|1646922386495|Save 'Public/temp/assets/5224d6fc31bc161563201ee1d3af6566.js' cache file from /var/www/Site/Admin/Resource/assets/js/main.js
ERROR|TEMPLATE|1646922386496|Try to render a non-existing or unvalid vars 'page.title'
ERROR|TEMPLATE|1646922386496|Try to render a non-existing or unvalid vars 'user.id'
DEFAULT|ROUTING|1646922386592|Current '/admin/api/user/get' -> Api\Controller\UserController->get [localhost:8082](0)
DEFAULT|ROUTING|1646922386592|/admin/api/user/get:200
WARNING|ROUTING|1646922386593|Site 'localhost' has no route
DEFAULT|ROUTING|1646922397291|Current '/admin/dashboard/pages' -> Admin\Controller\AdminController->modulePages [localhost:8082](0)
DEFAULT|ROUTING|1646922397291|/admin/dashboard/pages:200
WARNING|ROUTING|1646922397291|Site 'localhost' has no route
DEBUG|TEMPLATE|1646922397297|Save 'Public/temp/assets/b88830eb018174a10b2d596ac7ec6fb6.css' cache file from /var/www/Site/Front/Resource/assets/css/responsive.css
DEBUG|TEMPLATE|1646922397297|Save 'Public/temp/assets/39a67320b9b956f6ac5297229b740d9a.css' cache file from /var/www/Site/Admin/Resource/assets/css/style.css
DEBUG|TEMPLATE|1646922397297|Save 'Public/temp/assets/a763e7ed301db6744c3bf342eba5c3c5.js' cache file from /var/www/Site/Front/Resource/assets/js/libs/jquery/jquery.js
DEBUG|TEMPLATE|1646922397297|Save 'Public/temp/assets/d55d2da5389f3c8e16473aa364ce5640.js' cache file from /var/www/Site/Admin/Resource/assets/js/ajax/ajax.js
DEBUG|TEMPLATE|1646922397297|Save 'Public/temp/assets/3f81b25605260cf1572b299b1ef8ec85.js' cache file from /var/www/Site/Admin/Resource/assets/js/form/form.js
DEBUG|TEMPLATE|1646922397298|Save 'Public/temp/assets/0ce529ad3f0947515df812830c79d06d.js' cache file from /var/www/Site/Admin/Resource/assets/js/form/wysiwyg/wysiwyg.js
DEBUG|TEMPLATE|1646922397298|Save 'Public/temp/assets/5224d6fc31bc161563201ee1d3af6566.js' cache file from /var/www/Site/Admin/Resource/assets/js/main.js
ERROR|TEMPLATE|1646922397298|Try to render a non-existing or unvalid vars 'page.title'
ERROR|TEMPLATE|1646922397298|Try to render a non-existing or unvalid vars 'user.id'
DEFAULT|ROUTING|1646922409481|Current '/admin/dashboard/pages' -> Admin\Controller\AdminController->modulePages [localhost:8082](0)
DEFAULT|ROUTING|1646922409481|/admin/dashboard/pages:200
WARNING|ROUTING|1646922409481|Site 'localhost' has no route
DEBUG|TEMPLATE|1646922409488|Save 'Public/temp/assets/b88830eb018174a10b2d596ac7ec6fb6.css' cache file from /var/www/Site/Front/Resource/assets/css/responsive.css
DEBUG|TEMPLATE|1646922409488|Save 'Public/temp/assets/39a67320b9b956f6ac5297229b740d9a.css' cache file from /var/www/Site/Admin/Resource/assets/css/style.css
DEBUG|TEMPLATE|1646922409488|Save 'Public/temp/assets/a763e7ed301db6744c3bf342eba5c3c5.js' cache file from /var/www/Site/Front/Resource/assets/js/libs/jquery/jquery.js
DEBUG|TEMPLATE|1646922409489|Save 'Public/temp/assets/d55d2da5389f3c8e16473aa364ce5640.js' cache file from /var/www/Site/Admin/Resource/assets/js/ajax/ajax.js
DEBUG|TEMPLATE|1646922409489|Save 'Public/temp/assets/3f81b25605260cf1572b299b1ef8ec85.js' cache file from /var/www/Site/Admin/Resource/assets/js/form/form.js
DEBUG|TEMPLATE|1646922409489|Save 'Public/temp/assets/0ce529ad3f0947515df812830c79d06d.js' cache file from /var/www/Site/Admin/Resource/assets/js/form/wysiwyg/wysiwyg.js
DEBUG|TEMPLATE|1646922409490|Save 'Public/temp/assets/5224d6fc31bc161563201ee1d3af6566.js' cache file from /var/www/Site/Admin/Resource/assets/js/main.js
ERROR|TEMPLATE|1646922409490|Try to render a non-existing or unvalid vars 'page.title'
ERROR|TEMPLATE|1646922409490|Try to render a non-existing or unvalid vars 'user.id'
DEFAULT|ROUTING|1646922413103|Current '/admin/dashboard/users' -> Admin\Controller\AdminController->moduleUsers [localhost:8082](0)
DEFAULT|ROUTING|1646922413103|/admin/dashboard/users:200
WARNING|ROUTING|1646922413103|Site 'localhost' has no route
DEBUG|TEMPLATE|1646922413110|Save 'Public/temp/assets/b88830eb018174a10b2d596ac7ec6fb6.css' cache file from /var/www/Site/Front/Resource/assets/css/responsive.css
DEBUG|TEMPLATE|1646922413110|Save 'Public/temp/assets/39a67320b9b956f6ac5297229b740d9a.css' cache file from /var/www/Site/Admin/Resource/assets/css/style.css
DEBUG|TEMPLATE|1646922413110|Save 'Public/temp/assets/a763e7ed301db6744c3bf342eba5c3c5.js' cache file from /var/www/Site/Front/Resource/assets/js/libs/jquery/jquery.js
DEBUG|TEMPLATE|1646922413111|Save 'Public/temp/assets/d55d2da5389f3c8e16473aa364ce5640.js' cache file from /var/www/Site/Admin/Resource/assets/js/ajax/ajax.js
DEBUG|TEMPLATE|1646922413111|Save 'Public/temp/assets/3f81b25605260cf1572b299b1ef8ec85.js' cache file from /var/www/Site/Admin/Resource/assets/js/form/form.js
DEBUG|TEMPLATE|1646922413111|Save 'Public/temp/assets/0ce529ad3f0947515df812830c79d06d.js' cache file from /var/www/Site/Admin/Resource/assets/js/form/wysiwyg/wysiwyg.js
DEBUG|TEMPLATE|1646922413111|Save 'Public/temp/assets/5224d6fc31bc161563201ee1d3af6566.js' cache file from /var/www/Site/Admin/Resource/assets/js/main.js
ERROR|TEMPLATE|1646922413112|Try to render a non-existing or unvalid vars 'page.title'
ERROR|TEMPLATE|1646922413112|Try to render a non-existing or unvalid vars 'user.id'
DEFAULT|ROUTING|1646922413188|Current '/admin/api/user/get' -> Api\Controller\UserController->get [localhost:8082](0)
DEFAULT|ROUTING|1646922413188|/admin/api/user/get:200
WARNING|ROUTING|1646922413188|Site 'localhost' has no route
